{
  "stats": {
    "suites": 1,
    "tests": 4,
    "passes": 4,
    "pending": 0,
    "failures": 0,
    "start": "2022-08-24T11:22:14.293Z",
    "end": "2022-08-24T11:23:16.596Z",
    "duration": 62303,
    "testsRegistered": 4,
    "passPercent": 100,
    "pendingPercent": 0,
    "other": 0,
    "hasOther": false,
    "skipped": 0,
    "hasSkipped": false
  },
  "results": [
    {
      "uuid": "98812ceb-9192-43ea-8764-f41b8dfbf51a",
      "title": "",
      "fullFile": "cypress/integration/LocalMenu.feature",
      "file": "cypress/integration/LocalMenu.feature",
      "beforeHooks": [],
      "afterHooks": [],
      "tests": [],
      "suites": [
        {
          "uuid": "3ad67ecf-32a1-4873-bf87-0fcc83df313d",
          "title": "Local Menu",
          "fullFile": "",
          "file": "",
          "beforeHooks": [],
          "afterHooks": [],
          "tests": [
            {
              "title": "selecting orderpickup on Locations Item details page navigates to PWO",
              "fullTitle": "Local Menu selecting orderpickup on Locations Item details page navigates to PWO",
              "timedOut": null,
              "duration": 34625,
              "state": "passed",
              "speed": "slow",
              "pass": true,
              "fail": false,
              "pending": false,
              "context": null,
              "code": "const state = window.testState;\nreturn cy\n  .then(() => state.onStartScenario(scenario, indexedSteps))\n  .then(() =>\n    resolveAndRunBeforeHooks.call(this, scenario.tags, state.feature.name)\n  )\n  .then(() =>\n    indexedSteps.forEach((step) =>\n      stepTest.call(this, state, step, rowData)\n    )\n  )\n  .then(() => state.onFinishScenario(scenario));",
              "err": {},
              "uuid": "e68624e2-35b2-45bc-a9df-9dbb8692b424",
              "parentUUID": "3ad67ecf-32a1-4873-bf87-0fcc83df313d",
              "isHook": false,
              "skipped": false
            },
            {
              "title": "selecting Delivery on Locations Item details page navigates to PWO",
              "fullTitle": "Local Menu selecting Delivery on Locations Item details page navigates to PWO",
              "timedOut": null,
              "duration": 9711,
              "state": "passed",
              "speed": "medium",
              "pass": true,
              "fail": false,
              "pending": false,
              "context": null,
              "code": "const state = window.testState;\nreturn cy\n  .then(() => state.onStartScenario(scenario, indexedSteps))\n  .then(() =>\n    resolveAndRunBeforeHooks.call(this, scenario.tags, state.feature.name)\n  )\n  .then(() =>\n    indexedSteps.forEach((step) =>\n      stepTest.call(this, state, step, rowData)\n    )\n  )\n  .then(() => state.onFinishScenario(scenario));",
              "err": {},
              "uuid": "55bbcdec-bdfa-4878-aecd-7b032aaeecd2",
              "parentUUID": "3ad67ecf-32a1-4873-bf87-0fcc83df313d",
              "isHook": false,
              "skipped": false
            },
            {
              "title": "selecting orderpickup navigates to PWO",
              "fullTitle": "Local Menu selecting orderpickup navigates to PWO",
              "timedOut": null,
              "duration": 6353,
              "state": "passed",
              "speed": "medium",
              "pass": true,
              "fail": false,
              "pending": false,
              "context": null,
              "code": "const state = window.testState;\nreturn cy\n  .then(() => state.onStartScenario(scenario, indexedSteps))\n  .then(() =>\n    resolveAndRunBeforeHooks.call(this, scenario.tags, state.feature.name)\n  )\n  .then(() =>\n    indexedSteps.forEach((step) =>\n      stepTest.call(this, state, step, rowData)\n    )\n  )\n  .then(() => state.onFinishScenario(scenario));",
              "err": {},
              "uuid": "6ea94d4a-6676-4a2a-9f10-43fafb795753",
              "parentUUID": "3ad67ecf-32a1-4873-bf87-0fcc83df313d",
              "isHook": false,
              "skipped": false
            },
            {
              "title": "selecting order Delivery navigates to Delivery",
              "fullTitle": "Local Menu selecting order Delivery navigates to Delivery",
              "timedOut": null,
              "duration": 10025,
              "state": "passed",
              "speed": "slow",
              "pass": true,
              "fail": false,
              "pending": false,
              "context": null,
              "code": "const state = window.testState;\nreturn cy\n  .then(() => state.onStartScenario(scenario, indexedSteps))\n  .then(() =>\n    resolveAndRunBeforeHooks.call(this, scenario.tags, state.feature.name)\n  )\n  .then(() =>\n    indexedSteps.forEach((step) =>\n      stepTest.call(this, state, step, rowData)\n    )\n  )\n  .then(() => state.onFinishScenario(scenario));",
              "err": {},
              "uuid": "2666b8da-cd9d-42de-91e1-8b40267bbae0",
              "parentUUID": "3ad67ecf-32a1-4873-bf87-0fcc83df313d",
              "isHook": false,
              "skipped": false
            }
          ],
          "suites": [],
          "passes": [
            "e68624e2-35b2-45bc-a9df-9dbb8692b424",
            "55bbcdec-bdfa-4878-aecd-7b032aaeecd2",
            "6ea94d4a-6676-4a2a-9f10-43fafb795753",
            "2666b8da-cd9d-42de-91e1-8b40267bbae0"
          ],
          "failures": [],
          "pending": [],
          "skipped": [],
          "duration": 60714,
          "root": false,
          "rootEmpty": false,
          "_timeout": 2000
        }
      ],
      "passes": [],
      "failures": [],
      "pending": [],
      "skipped": [],
      "duration": 0,
      "root": true,
      "rootEmpty": true,
      "_timeout": 2000
    }
  ],
  "meta": {
    "mocha": {
      "version": "7.0.1"
    },
    "mochawesome": {
      "options": {
        "quiet": false,
        "reportFilename": "mochawesome",
        "saveHtml": true,
        "saveJson": true,
        "consoleReporter": "spec",
        "useInlineDiffs": false,
        "code": true
      },
      "version": "7.1.3"
    },
    "marge": {
      "options": {
        "reportDir": "cypress/results",
        "overwrite": false,
        "html": true,
        "json": true
      },
      "version": "6.2.0"
    }
  }
}