{
  "stats": {
    "suites": 1,
    "tests": 17,
    "passes": 13,
    "pending": 4,
    "failures": 0,
    "start": "2022-09-30T19:38:01.111Z",
    "end": "2022-09-30T19:42:08.868Z",
    "duration": 247757,
    "testsRegistered": 17,
    "passPercent": 100,
    "pendingPercent": 23.52941176470588,
    "other": 0,
    "hasOther": false,
    "skipped": 4,
    "hasSkipped": true
  },
  "results": [
    {
      "uuid": "b5bb176e-1389-461e-adab-6f04b1e657dc",
      "title": "",
      "fullFile": "cypress/integration/Locations.feature",
      "file": "cypress/integration/Locations.feature",
      "beforeHooks": [],
      "afterHooks": [],
      "tests": [],
      "suites": [
        {
          "uuid": "edf77d5d-bc95-454a-8b03-87287dfd7f27",
          "title": "Locations",
          "fullFile": "",
          "file": "",
          "beforeHooks": [],
          "afterHooks": [],
          "tests": [
            {
              "title": "Grand opening future location",
              "fullTitle": "Locations Grand opening future location",
              "timedOut": null,
              "duration": 161,
              "state": "pending",
              "speed": null,
              "pass": false,
              "fail": false,
              "pending": false,
              "context": null,
              "code": "// register this scenario with the cucumber data collector\n// but don't run it\n// Tell mocha this is a skipped test so it also shows correctly in Cypress\nconst state = window.testState;\ncy.then(() => state.onStartScenario(scenario, indexedSteps))\n  .then(() => state.onFinishScenario(scenario))\n  // eslint-disable-next-line func-names\n  .then(function () {\n    return this.skip();\n  });",
              "err": {},
              "uuid": "69355371-3451-4c1b-b934-0a81ffd05924",
              "parentUUID": "edf77d5d-bc95-454a-8b03-87287dfd7f27",
              "isHook": false,
              "skipped": true
            },
            {
              "title": "No Results - No Matches Search",
              "fullTitle": "Locations No Results - No Matches Search",
              "timedOut": null,
              "duration": 22,
              "state": "pending",
              "speed": null,
              "pass": false,
              "fail": false,
              "pending": false,
              "context": null,
              "code": "// register this scenario with the cucumber data collector\n// but don't run it\n// Tell mocha this is a skipped test so it also shows correctly in Cypress\nconst state = window.testState;\ncy.then(() => state.onStartScenario(scenario, indexedSteps))\n  .then(() => state.onFinishScenario(scenario))\n  // eslint-disable-next-line func-names\n  .then(function () {\n    return this.skip();\n  });",
              "err": {},
              "uuid": "ee10ade8-69f6-434a-bdba-95dc38da0c3f",
              "parentUUID": "edf77d5d-bc95-454a-8b03-87287dfd7f27",
              "isHook": false,
              "skipped": true
            },
            {
              "title": "Can view updated location page (example #1)",
              "fullTitle": "Locations Can view updated location page (example #1)",
              "timedOut": null,
              "duration": 23000,
              "state": "passed",
              "speed": "slow",
              "pass": true,
              "fail": false,
              "pending": false,
              "context": null,
              "code": "const state = window.testState;\nreturn cy\n  .then(() => state.onStartScenario(scenario, indexedSteps))\n  .then(() =>\n    resolveAndRunBeforeHooks.call(this, scenario.tags, state.feature.name)\n  )\n  .then(() =>\n    indexedSteps.forEach((step) =>\n      stepTest.call(this, state, step, rowData)\n    )\n  )\n  .then(() => state.onFinishScenario(scenario));",
              "err": {},
              "uuid": "e6c3f0da-aca3-4087-b901-ed7849e1a7ca",
              "parentUUID": "edf77d5d-bc95-454a-8b03-87287dfd7f27",
              "isHook": false,
              "skipped": false
            },
            {
              "title": "Can view updated location page (example #2)",
              "fullTitle": "Locations Can view updated location page (example #2)",
              "timedOut": null,
              "duration": 17414,
              "state": "passed",
              "speed": "slow",
              "pass": true,
              "fail": false,
              "pending": false,
              "context": null,
              "code": "const state = window.testState;\nreturn cy\n  .then(() => state.onStartScenario(scenario, indexedSteps))\n  .then(() =>\n    resolveAndRunBeforeHooks.call(this, scenario.tags, state.feature.name)\n  )\n  .then(() =>\n    indexedSteps.forEach((step) =>\n      stepTest.call(this, state, step, rowData)\n    )\n  )\n  .then(() => state.onFinishScenario(scenario));",
              "err": {},
              "uuid": "3e86bbcd-3253-4ec4-bb94-af0ec0ac0e83",
              "parentUUID": "edf77d5d-bc95-454a-8b03-87287dfd7f27",
              "isHook": false,
              "skipped": false
            },
            {
              "title": "Can view location menu (example #1)",
              "fullTitle": "Locations Can view location menu (example #1)",
              "timedOut": null,
              "duration": 28301,
              "state": "passed",
              "speed": "slow",
              "pass": true,
              "fail": false,
              "pending": false,
              "context": null,
              "code": "const state = window.testState;\nreturn cy\n  .then(() => state.onStartScenario(scenario, indexedSteps))\n  .then(() =>\n    resolveAndRunBeforeHooks.call(this, scenario.tags, state.feature.name)\n  )\n  .then(() =>\n    indexedSteps.forEach((step) =>\n      stepTest.call(this, state, step, rowData)\n    )\n  )\n  .then(() => state.onFinishScenario(scenario));",
              "err": {},
              "uuid": "cce31f6f-3660-4538-beb1-3e61c8695df3",
              "parentUUID": "edf77d5d-bc95-454a-8b03-87287dfd7f27",
              "isHook": false,
              "skipped": false
            },
            {
              "title": "Can view location menu (example #2)",
              "fullTitle": "Locations Can view location menu (example #2)",
              "timedOut": null,
              "duration": 18701,
              "state": "passed",
              "speed": "slow",
              "pass": true,
              "fail": false,
              "pending": false,
              "context": null,
              "code": "const state = window.testState;\nreturn cy\n  .then(() => state.onStartScenario(scenario, indexedSteps))\n  .then(() =>\n    resolveAndRunBeforeHooks.call(this, scenario.tags, state.feature.name)\n  )\n  .then(() =>\n    indexedSteps.forEach((step) =>\n      stepTest.call(this, state, step, rowData)\n    )\n  )\n  .then(() => state.onFinishScenario(scenario));",
              "err": {},
              "uuid": "32abfee3-964d-48dc-89ce-40546d2a0811",
              "parentUUID": "edf77d5d-bc95-454a-8b03-87287dfd7f27",
              "isHook": false,
              "skipped": false
            },
            {
              "title": "Order pickup navigates to PWO",
              "fullTitle": "Locations Order pickup navigates to PWO",
              "timedOut": null,
              "duration": 14177,
              "state": "passed",
              "speed": "slow",
              "pass": true,
              "fail": false,
              "pending": false,
              "context": null,
              "code": "const state = window.testState;\nreturn cy\n  .then(() => state.onStartScenario(scenario, indexedSteps))\n  .then(() =>\n    resolveAndRunBeforeHooks.call(this, scenario.tags, state.feature.name)\n  )\n  .then(() =>\n    indexedSteps.forEach((step) =>\n      stepTest.call(this, state, step, rowData)\n    )\n  )\n  .then(() => state.onFinishScenario(scenario));",
              "err": {},
              "uuid": "9c41cf73-4345-47bc-b393-f3555f35ea05",
              "parentUUID": "edf77d5d-bc95-454a-8b03-87287dfd7f27",
              "isHook": false,
              "skipped": false
            },
            {
              "title": "Find a restaurant - no input search",
              "fullTitle": "Locations Find a restaurant - no input search",
              "timedOut": null,
              "duration": 169,
              "state": "pending",
              "speed": null,
              "pass": false,
              "fail": false,
              "pending": false,
              "context": null,
              "code": "// register this scenario with the cucumber data collector\n// but don't run it\n// Tell mocha this is a skipped test so it also shows correctly in Cypress\nconst state = window.testState;\ncy.then(() => state.onStartScenario(scenario, indexedSteps))\n  .then(() => state.onFinishScenario(scenario))\n  // eslint-disable-next-line func-names\n  .then(function () {\n    return this.skip();\n  });",
              "err": {},
              "uuid": "3cb0d0c8-0f57-4221-b321-54c24bd75b99",
              "parentUUID": "edf77d5d-bc95-454a-8b03-87287dfd7f27",
              "isHook": false,
              "skipped": true
            },
            {
              "title": "Locations - Limited Results Filter",
              "fullTitle": "Locations Locations - Limited Results Filter",
              "timedOut": null,
              "duration": 16,
              "state": "pending",
              "speed": null,
              "pass": false,
              "fail": false,
              "pending": false,
              "context": null,
              "code": "// register this scenario with the cucumber data collector\n// but don't run it\n// Tell mocha this is a skipped test so it also shows correctly in Cypress\nconst state = window.testState;\ncy.then(() => state.onStartScenario(scenario, indexedSteps))\n  .then(() => state.onFinishScenario(scenario))\n  // eslint-disable-next-line func-names\n  .then(function () {\n    return this.skip();\n  });",
              "err": {},
              "uuid": "f700ec00-5d98-4469-af23-6ce5ec936abd",
              "parentUUID": "edf77d5d-bc95-454a-8b03-87287dfd7f27",
              "isHook": false,
              "skipped": true
            },
            {
              "title": "Locations - click on Location link  - check location details (example #1)",
              "fullTitle": "Locations Locations - click on Location link  - check location details (example #1)",
              "timedOut": null,
              "duration": 13187,
              "state": "passed",
              "speed": "slow",
              "pass": true,
              "fail": false,
              "pending": false,
              "context": null,
              "code": "const state = window.testState;\nreturn cy\n  .then(() => state.onStartScenario(scenario, indexedSteps))\n  .then(() =>\n    resolveAndRunBeforeHooks.call(this, scenario.tags, state.feature.name)\n  )\n  .then(() =>\n    indexedSteps.forEach((step) =>\n      stepTest.call(this, state, step, rowData)\n    )\n  )\n  .then(() => state.onFinishScenario(scenario));",
              "err": {},
              "uuid": "20c835ee-758c-44e8-8dd1-e5bfd222d798",
              "parentUUID": "edf77d5d-bc95-454a-8b03-87287dfd7f27",
              "isHook": false,
              "skipped": false
            },
            {
              "title": "Locations - click on Location link  - check location details (example #2)",
              "fullTitle": "Locations Locations - click on Location link  - check location details (example #2)",
              "timedOut": null,
              "duration": 18691,
              "state": "passed",
              "speed": "slow",
              "pass": true,
              "fail": false,
              "pending": false,
              "context": null,
              "code": "const state = window.testState;\nreturn cy\n  .then(() => state.onStartScenario(scenario, indexedSteps))\n  .then(() =>\n    resolveAndRunBeforeHooks.call(this, scenario.tags, state.feature.name)\n  )\n  .then(() =>\n    indexedSteps.forEach((step) =>\n      stepTest.call(this, state, step, rowData)\n    )\n  )\n  .then(() => state.onFinishScenario(scenario));",
              "err": {},
              "uuid": "e9117c56-3cd1-48dd-a926-ec3ad08e21d3",
              "parentUUID": "edf77d5d-bc95-454a-8b03-87287dfd7f27",
              "isHook": false,
              "skipped": false
            },
            {
              "title": "Locations - click on Location link  - check location details (example #3)",
              "fullTitle": "Locations Locations - click on Location link  - check location details (example #3)",
              "timedOut": null,
              "duration": 13183,
              "state": "passed",
              "speed": "slow",
              "pass": true,
              "fail": false,
              "pending": false,
              "context": null,
              "code": "const state = window.testState;\nreturn cy\n  .then(() => state.onStartScenario(scenario, indexedSteps))\n  .then(() =>\n    resolveAndRunBeforeHooks.call(this, scenario.tags, state.feature.name)\n  )\n  .then(() =>\n    indexedSteps.forEach((step) =>\n      stepTest.call(this, state, step, rowData)\n    )\n  )\n  .then(() => state.onFinishScenario(scenario));",
              "err": {},
              "uuid": "5bf0f6c5-4930-4c67-8b2e-fca935df1afb",
              "parentUUID": "edf77d5d-bc95-454a-8b03-87287dfd7f27",
              "isHook": false,
              "skipped": false
            },
            {
              "title": "Locations - click on Location link  - check location details (example #4)",
              "fullTitle": "Locations Locations - click on Location link  - check location details (example #4)",
              "timedOut": null,
              "duration": 16896,
              "state": "passed",
              "speed": "slow",
              "pass": true,
              "fail": false,
              "pending": false,
              "context": null,
              "code": "const state = window.testState;\nreturn cy\n  .then(() => state.onStartScenario(scenario, indexedSteps))\n  .then(() =>\n    resolveAndRunBeforeHooks.call(this, scenario.tags, state.feature.name)\n  )\n  .then(() =>\n    indexedSteps.forEach((step) =>\n      stepTest.call(this, state, step, rowData)\n    )\n  )\n  .then(() => state.onFinishScenario(scenario));",
              "err": {},
              "uuid": "be71404e-4c74-45fe-a60c-36527c5a9f5a",
              "parentUUID": "edf77d5d-bc95-454a-8b03-87287dfd7f27",
              "isHook": false,
              "skipped": false
            },
            {
              "title": "Locations - Click on View Detail - check location details (example #1)",
              "fullTitle": "Locations Locations - Click on View Detail - check location details (example #1)",
              "timedOut": null,
              "duration": 12236,
              "state": "passed",
              "speed": "slow",
              "pass": true,
              "fail": false,
              "pending": false,
              "context": null,
              "code": "const state = window.testState;\nreturn cy\n  .then(() => state.onStartScenario(scenario, indexedSteps))\n  .then(() =>\n    resolveAndRunBeforeHooks.call(this, scenario.tags, state.feature.name)\n  )\n  .then(() =>\n    indexedSteps.forEach((step) =>\n      stepTest.call(this, state, step, rowData)\n    )\n  )\n  .then(() => state.onFinishScenario(scenario));",
              "err": {},
              "uuid": "be832189-c7f7-41cc-a007-cb1ad8cf51bb",
              "parentUUID": "edf77d5d-bc95-454a-8b03-87287dfd7f27",
              "isHook": false,
              "skipped": false
            },
            {
              "title": "Locations - Click on View Detail - check location details (example #2)",
              "fullTitle": "Locations Locations - Click on View Detail - check location details (example #2)",
              "timedOut": null,
              "duration": 10133,
              "state": "passed",
              "speed": "slow",
              "pass": true,
              "fail": false,
              "pending": false,
              "context": null,
              "code": "const state = window.testState;\nreturn cy\n  .then(() => state.onStartScenario(scenario, indexedSteps))\n  .then(() =>\n    resolveAndRunBeforeHooks.call(this, scenario.tags, state.feature.name)\n  )\n  .then(() =>\n    indexedSteps.forEach((step) =>\n      stepTest.call(this, state, step, rowData)\n    )\n  )\n  .then(() => state.onFinishScenario(scenario));",
              "err": {},
              "uuid": "8e8d524e-5c60-4294-a556-3651b2095035",
              "parentUUID": "edf77d5d-bc95-454a-8b03-87287dfd7f27",
              "isHook": false,
              "skipped": false
            },
            {
              "title": "Locations - Click on View Detail - check location details (example #3)",
              "fullTitle": "Locations Locations - Click on View Detail - check location details (example #3)",
              "timedOut": null,
              "duration": 14407,
              "state": "passed",
              "speed": "slow",
              "pass": true,
              "fail": false,
              "pending": false,
              "context": null,
              "code": "const state = window.testState;\nreturn cy\n  .then(() => state.onStartScenario(scenario, indexedSteps))\n  .then(() =>\n    resolveAndRunBeforeHooks.call(this, scenario.tags, state.feature.name)\n  )\n  .then(() =>\n    indexedSteps.forEach((step) =>\n      stepTest.call(this, state, step, rowData)\n    )\n  )\n  .then(() => state.onFinishScenario(scenario));",
              "err": {},
              "uuid": "0ff2b5dd-a53b-415b-9dd3-0f1da6f30f52",
              "parentUUID": "edf77d5d-bc95-454a-8b03-87287dfd7f27",
              "isHook": false,
              "skipped": false
            },
            {
              "title": "Locations - Click on View Detail - check location details (example #4)",
              "fullTitle": "Locations Locations - Click on View Detail - check location details (example #4)",
              "timedOut": null,
              "duration": 11099,
              "state": "passed",
              "speed": "slow",
              "pass": true,
              "fail": false,
              "pending": false,
              "context": null,
              "code": "const state = window.testState;\nreturn cy\n  .then(() => state.onStartScenario(scenario, indexedSteps))\n  .then(() =>\n    resolveAndRunBeforeHooks.call(this, scenario.tags, state.feature.name)\n  )\n  .then(() =>\n    indexedSteps.forEach((step) =>\n      stepTest.call(this, state, step, rowData)\n    )\n  )\n  .then(() => state.onFinishScenario(scenario));",
              "err": {},
              "uuid": "07fab421-7ee9-4170-9e23-4273b341d2ae",
              "parentUUID": "edf77d5d-bc95-454a-8b03-87287dfd7f27",
              "isHook": false,
              "skipped": false
            }
          ],
          "suites": [],
          "passes": [
            "e6c3f0da-aca3-4087-b901-ed7849e1a7ca",
            "3e86bbcd-3253-4ec4-bb94-af0ec0ac0e83",
            "cce31f6f-3660-4538-beb1-3e61c8695df3",
            "32abfee3-964d-48dc-89ce-40546d2a0811",
            "9c41cf73-4345-47bc-b393-f3555f35ea05",
            "20c835ee-758c-44e8-8dd1-e5bfd222d798",
            "e9117c56-3cd1-48dd-a926-ec3ad08e21d3",
            "5bf0f6c5-4930-4c67-8b2e-fca935df1afb",
            "be71404e-4c74-45fe-a60c-36527c5a9f5a",
            "be832189-c7f7-41cc-a007-cb1ad8cf51bb",
            "8e8d524e-5c60-4294-a556-3651b2095035",
            "0ff2b5dd-a53b-415b-9dd3-0f1da6f30f52",
            "07fab421-7ee9-4170-9e23-4273b341d2ae"
          ],
          "failures": [],
          "pending": [],
          "skipped": [
            "69355371-3451-4c1b-b934-0a81ffd05924",
            "ee10ade8-69f6-434a-bdba-95dc38da0c3f",
            "3cb0d0c8-0f57-4221-b321-54c24bd75b99",
            "f700ec00-5d98-4469-af23-6ce5ec936abd"
          ],
          "duration": 211793,
          "root": false,
          "rootEmpty": false,
          "_timeout": 2000
        }
      ],
      "passes": [],
      "failures": [],
      "pending": [],
      "skipped": [],
      "duration": 0,
      "root": true,
      "rootEmpty": true,
      "_timeout": 2000
    }
  ],
  "meta": {
    "mocha": {
      "version": "7.0.1"
    },
    "mochawesome": {
      "options": {
        "quiet": false,
        "reportFilename": "mochawesome",
        "saveHtml": true,
        "saveJson": true,
        "consoleReporter": "spec",
        "useInlineDiffs": false,
        "code": true
      },
      "version": "7.1.3"
    },
    "marge": {
      "options": {
        "reportDir": "cypress/results",
        "overwrite": false,
        "html": true,
        "json": true
      },
      "version": "6.2.0"
    }
  }
}