{
  "stats": {
    "suites": 1,
    "tests": 10,
    "passes": 0,
    "pending": 0,
    "failures": 10,
    "start": "2022-09-30T19:43:16.334Z",
    "end": "2022-09-30T19:43:42.225Z",
    "duration": 25891,
    "testsRegistered": 10,
    "passPercent": 0,
    "pendingPercent": 0,
    "other": 0,
    "hasOther": false,
    "skipped": 0,
    "hasSkipped": false
  },
  "results": [
    {
      "uuid": "c97c346e-09ff-4149-8356-4b14c5fe53a4",
      "title": "",
      "fullFile": "cypress/integration/Stories.feature",
      "file": "cypress/integration/Stories.feature",
      "beforeHooks": [],
      "afterHooks": [],
      "tests": [],
      "suites": [
        {
          "uuid": "6ce873a8-0ba6-4c93-9e7b-556a4d30cb6b",
          "title": "Stories",
          "fullFile": "",
          "file": "",
          "beforeHooks": [],
          "afterHooks": [],
          "tests": [
            {
              "title": "Click on the sub sections of stories and check the navigation",
              "fullTitle": "Stories Click on the sub sections of stories and check the navigation",
              "timedOut": null,
              "duration": 721,
              "state": "failed",
              "speed": null,
              "pass": false,
              "fail": true,
              "pending": false,
              "context": null,
              "code": "const state = window.testState;\nreturn cy\n  .then(() => state.onStartScenario(scenario, indexedSteps))\n  .then(() =>\n    resolveAndRunBeforeHooks.call(this, scenario.tags, state.feature.name)\n  )\n  .then(() =>\n    indexedSteps.forEach((step) =>\n      stepTest.call(this, state, step, rowData)\n    )\n  )\n  .then(() => state.onFinishScenario(scenario));",
              "err": {
                "message": "CypressError: `cy.visit()` failed trying to load:\n\nhttps://www.chick-fil-a.com/stories\n\nThe response we received from your web server was:\n\n  > 403: Forbidden\n\nThis was considered a failure because the status code was not `2xx`.\n\nIf you do not want status codes to cause failures pass the option: `failOnStatusCode: false`",
                "estack": "CypressError: `cy.visit()` failed trying to load:\n\nhttps://www.chick-fil-a.com/stories\n\nThe response we received from your web server was:\n\n  > 403: Forbidden\n\nThis was considered a failure because the status code was not `2xx`.\n\nIf you do not want status codes to cause failures pass the option: `failOnStatusCode: false`\n    at https://www.chick-fil-a.com/__cypress/runner/cypress_runner.js:163591:84\n    at visitFailedByErr (https://www.chick-fil-a.com/__cypress/runner/cypress_runner.js:162912:12)\n    at https://www.chick-fil-a.com/__cypress/runner/cypress_runner.js:163571:13\n    at tryCatcher (https://www.chick-fil-a.com/__cypress/runner/cypress_runner.js:13022:23)\n    at Promise._settlePromiseFromHandler (https://www.chick-fil-a.com/__cypress/runner/cypress_runner.js:10957:31)\n    at Promise._settlePromise (https://www.chick-fil-a.com/__cypress/runner/cypress_runner.js:11014:18)\n    at Promise._settlePromise0 (https://www.chick-fil-a.com/__cypress/runner/cypress_runner.js:11059:10)\n    at Promise._settlePromises (https://www.chick-fil-a.com/__cypress/runner/cypress_runner.js:11135:18)\n    at _drainQueueStep (https://www.chick-fil-a.com/__cypress/runner/cypress_runner.js:7729:12)\n    at _drainQueue (https://www.chick-fil-a.com/__cypress/runner/cypress_runner.js:7722:9)\n    at Async.../../node_modules/bluebird/js/release/async.js.Async._drainQueues (https://www.chick-fil-a.com/__cypress/runner/cypress_runner.js:7738:5)\n    at Async.drainQueues (https://www.chick-fil-a.com/__cypress/runner/cypress_runner.js:7608:14)\nFrom Your Spec Code:\n    at Context.eval (https://www.chick-fil-a.com/__cypress/tests?p=cypress/integration/Stories.feature:193:10)\n    at Context.resolveAndRunStepDefinition (https://www.chick-fil-a.com/__cypress/tests?p=cypress/integration/Stories.feature:10623:29)\n    at Context.eval (https://www.chick-fil-a.com/__cypress/tests?p=cypress/integration/Stories.feature:9944:35)",
                "diff": null
              },
              "uuid": "19e58496-bd32-4e73-b3ef-63d046e00150",
              "parentUUID": "6ce873a8-0ba6-4c93-9e7b-556a4d30cb6b",
              "isHook": false,
              "skipped": false
            },
            {
              "title": "Check the slide content on the Main stories page",
              "fullTitle": "Stories Check the slide content on the Main stories page",
              "timedOut": null,
              "duration": 723,
              "state": "failed",
              "speed": null,
              "pass": false,
              "fail": true,
              "pending": false,
              "context": null,
              "code": "const state = window.testState;\nreturn cy\n  .then(() => state.onStartScenario(scenario, indexedSteps))\n  .then(() =>\n    resolveAndRunBeforeHooks.call(this, scenario.tags, state.feature.name)\n  )\n  .then(() =>\n    indexedSteps.forEach((step) =>\n      stepTest.call(this, state, step, rowData)\n    )\n  )\n  .then(() => state.onFinishScenario(scenario));",
              "err": {
                "message": "CypressError: `cy.visit()` failed trying to load:\n\nhttps://www.chick-fil-a.com/stories\n\nThe response we received from your web server was:\n\n  > 403: Forbidden\n\nThis was considered a failure because the status code was not `2xx`.\n\nIf you do not want status codes to cause failures pass the option: `failOnStatusCode: false`",
                "estack": "CypressError: `cy.visit()` failed trying to load:\n\nhttps://www.chick-fil-a.com/stories\n\nThe response we received from your web server was:\n\n  > 403: Forbidden\n\nThis was considered a failure because the status code was not `2xx`.\n\nIf you do not want status codes to cause failures pass the option: `failOnStatusCode: false`\n    at https://www.chick-fil-a.com/__cypress/runner/cypress_runner.js:163591:84\n    at visitFailedByErr (https://www.chick-fil-a.com/__cypress/runner/cypress_runner.js:162912:12)\n    at https://www.chick-fil-a.com/__cypress/runner/cypress_runner.js:163571:13\n    at tryCatcher (https://www.chick-fil-a.com/__cypress/runner/cypress_runner.js:13022:23)\n    at Promise._settlePromiseFromHandler (https://www.chick-fil-a.com/__cypress/runner/cypress_runner.js:10957:31)\n    at Promise._settlePromise (https://www.chick-fil-a.com/__cypress/runner/cypress_runner.js:11014:18)\n    at Promise._settlePromise0 (https://www.chick-fil-a.com/__cypress/runner/cypress_runner.js:11059:10)\n    at Promise._settlePromises (https://www.chick-fil-a.com/__cypress/runner/cypress_runner.js:11135:18)\n    at _drainQueueStep (https://www.chick-fil-a.com/__cypress/runner/cypress_runner.js:7729:12)\n    at _drainQueue (https://www.chick-fil-a.com/__cypress/runner/cypress_runner.js:7722:9)\n    at Async.../../node_modules/bluebird/js/release/async.js.Async._drainQueues (https://www.chick-fil-a.com/__cypress/runner/cypress_runner.js:7738:5)\n    at Async.drainQueues (https://www.chick-fil-a.com/__cypress/runner/cypress_runner.js:7608:14)\nFrom Your Spec Code:\n    at Context.eval (https://www.chick-fil-a.com/__cypress/tests?p=cypress/integration/Stories.feature:193:10)\n    at Context.resolveAndRunStepDefinition (https://www.chick-fil-a.com/__cypress/tests?p=cypress/integration/Stories.feature:10623:29)\n    at Context.eval (https://www.chick-fil-a.com/__cypress/tests?p=cypress/integration/Stories.feature:9944:35)",
                "diff": null
              },
              "uuid": "a0cd6247-9e79-423d-85f6-d6cf40a209ab",
              "parentUUID": "6ce873a8-0ba6-4c93-9e7b-556a4d30cb6b",
              "isHook": false,
              "skipped": false
            },
            {
              "title": "click on Load More button on stories page and check for new stories loaded",
              "fullTitle": "Stories click on Load More button on stories page and check for new stories loaded",
              "timedOut": null,
              "duration": 677,
              "state": "failed",
              "speed": null,
              "pass": false,
              "fail": true,
              "pending": false,
              "context": null,
              "code": "const state = window.testState;\nreturn cy\n  .then(() => state.onStartScenario(scenario, indexedSteps))\n  .then(() =>\n    resolveAndRunBeforeHooks.call(this, scenario.tags, state.feature.name)\n  )\n  .then(() =>\n    indexedSteps.forEach((step) =>\n      stepTest.call(this, state, step, rowData)\n    )\n  )\n  .then(() => state.onFinishScenario(scenario));",
              "err": {
                "message": "CypressError: `cy.visit()` failed trying to load:\n\nhttps://www.chick-fil-a.com/stories\n\nThe response we received from your web server was:\n\n  > 403: Forbidden\n\nThis was considered a failure because the status code was not `2xx`.\n\nIf you do not want status codes to cause failures pass the option: `failOnStatusCode: false`",
                "estack": "CypressError: `cy.visit()` failed trying to load:\n\nhttps://www.chick-fil-a.com/stories\n\nThe response we received from your web server was:\n\n  > 403: Forbidden\n\nThis was considered a failure because the status code was not `2xx`.\n\nIf you do not want status codes to cause failures pass the option: `failOnStatusCode: false`\n    at https://www.chick-fil-a.com/__cypress/runner/cypress_runner.js:163591:84\n    at visitFailedByErr (https://www.chick-fil-a.com/__cypress/runner/cypress_runner.js:162912:12)\n    at https://www.chick-fil-a.com/__cypress/runner/cypress_runner.js:163571:13\n    at tryCatcher (https://www.chick-fil-a.com/__cypress/runner/cypress_runner.js:13022:23)\n    at Promise._settlePromiseFromHandler (https://www.chick-fil-a.com/__cypress/runner/cypress_runner.js:10957:31)\n    at Promise._settlePromise (https://www.chick-fil-a.com/__cypress/runner/cypress_runner.js:11014:18)\n    at Promise._settlePromise0 (https://www.chick-fil-a.com/__cypress/runner/cypress_runner.js:11059:10)\n    at Promise._settlePromises (https://www.chick-fil-a.com/__cypress/runner/cypress_runner.js:11135:18)\n    at _drainQueueStep (https://www.chick-fil-a.com/__cypress/runner/cypress_runner.js:7729:12)\n    at _drainQueue (https://www.chick-fil-a.com/__cypress/runner/cypress_runner.js:7722:9)\n    at Async.../../node_modules/bluebird/js/release/async.js.Async._drainQueues (https://www.chick-fil-a.com/__cypress/runner/cypress_runner.js:7738:5)\n    at Async.drainQueues (https://www.chick-fil-a.com/__cypress/runner/cypress_runner.js:7608:14)\nFrom Your Spec Code:\n    at Context.eval (https://www.chick-fil-a.com/__cypress/tests?p=cypress/integration/Stories.feature:193:10)\n    at Context.resolveAndRunStepDefinition (https://www.chick-fil-a.com/__cypress/tests?p=cypress/integration/Stories.feature:10623:29)\n    at Context.eval (https://www.chick-fil-a.com/__cypress/tests?p=cypress/integration/Stories.feature:9944:35)",
                "diff": null
              },
              "uuid": "ff721bed-e3fe-4f79-8e78-9668600a55e0",
              "parentUUID": "6ce873a8-0ba6-4c93-9e7b-556a4d30cb6b",
              "isHook": false,
              "skipped": false
            },
            {
              "title": "click on Load More button on stories page and check for Load more button again",
              "fullTitle": "Stories click on Load More button on stories page and check for Load more button again",
              "timedOut": null,
              "duration": 815,
              "state": "failed",
              "speed": null,
              "pass": false,
              "fail": true,
              "pending": false,
              "context": null,
              "code": "const state = window.testState;\nreturn cy\n  .then(() => state.onStartScenario(scenario, indexedSteps))\n  .then(() =>\n    resolveAndRunBeforeHooks.call(this, scenario.tags, state.feature.name)\n  )\n  .then(() =>\n    indexedSteps.forEach((step) =>\n      stepTest.call(this, state, step, rowData)\n    )\n  )\n  .then(() => state.onFinishScenario(scenario));",
              "err": {
                "message": "CypressError: `cy.visit()` failed trying to load:\n\nhttps://www.chick-fil-a.com/stories\n\nThe response we received from your web server was:\n\n  > 403: Forbidden\n\nThis was considered a failure because the status code was not `2xx`.\n\nIf you do not want status codes to cause failures pass the option: `failOnStatusCode: false`",
                "estack": "CypressError: `cy.visit()` failed trying to load:\n\nhttps://www.chick-fil-a.com/stories\n\nThe response we received from your web server was:\n\n  > 403: Forbidden\n\nThis was considered a failure because the status code was not `2xx`.\n\nIf you do not want status codes to cause failures pass the option: `failOnStatusCode: false`\n    at https://www.chick-fil-a.com/__cypress/runner/cypress_runner.js:163591:84\n    at visitFailedByErr (https://www.chick-fil-a.com/__cypress/runner/cypress_runner.js:162912:12)\n    at https://www.chick-fil-a.com/__cypress/runner/cypress_runner.js:163571:13\n    at tryCatcher (https://www.chick-fil-a.com/__cypress/runner/cypress_runner.js:13022:23)\n    at Promise._settlePromiseFromHandler (https://www.chick-fil-a.com/__cypress/runner/cypress_runner.js:10957:31)\n    at Promise._settlePromise (https://www.chick-fil-a.com/__cypress/runner/cypress_runner.js:11014:18)\n    at Promise._settlePromise0 (https://www.chick-fil-a.com/__cypress/runner/cypress_runner.js:11059:10)\n    at Promise._settlePromises (https://www.chick-fil-a.com/__cypress/runner/cypress_runner.js:11135:18)\n    at _drainQueueStep (https://www.chick-fil-a.com/__cypress/runner/cypress_runner.js:7729:12)\n    at _drainQueue (https://www.chick-fil-a.com/__cypress/runner/cypress_runner.js:7722:9)\n    at Async.../../node_modules/bluebird/js/release/async.js.Async._drainQueues (https://www.chick-fil-a.com/__cypress/runner/cypress_runner.js:7738:5)\n    at Async.drainQueues (https://www.chick-fil-a.com/__cypress/runner/cypress_runner.js:7608:14)\nFrom Your Spec Code:\n    at Context.eval (https://www.chick-fil-a.com/__cypress/tests?p=cypress/integration/Stories.feature:193:10)\n    at Context.resolveAndRunStepDefinition (https://www.chick-fil-a.com/__cypress/tests?p=cypress/integration/Stories.feature:10623:29)\n    at Context.eval (https://www.chick-fil-a.com/__cypress/tests?p=cypress/integration/Stories.feature:9944:35)",
                "diff": null
              },
              "uuid": "386bc974-d166-4ea0-a5c2-653bc8d5770d",
              "parentUUID": "6ce873a8-0ba6-4c93-9e7b-556a4d30cb6b",
              "isHook": false,
              "skipped": false
            },
            {
              "title": "Check for Lets be friends and Social Media Icons on Stories page",
              "fullTitle": "Stories Check for Lets be friends and Social Media Icons on Stories page",
              "timedOut": null,
              "duration": 655,
              "state": "failed",
              "speed": null,
              "pass": false,
              "fail": true,
              "pending": false,
              "context": null,
              "code": "const state = window.testState;\nreturn cy\n  .then(() => state.onStartScenario(scenario, indexedSteps))\n  .then(() =>\n    resolveAndRunBeforeHooks.call(this, scenario.tags, state.feature.name)\n  )\n  .then(() =>\n    indexedSteps.forEach((step) =>\n      stepTest.call(this, state, step, rowData)\n    )\n  )\n  .then(() => state.onFinishScenario(scenario));",
              "err": {
                "message": "CypressError: `cy.visit()` failed trying to load:\n\nhttps://www.chick-fil-a.com/stories\n\nThe response we received from your web server was:\n\n  > 403: Forbidden\n\nThis was considered a failure because the status code was not `2xx`.\n\nIf you do not want status codes to cause failures pass the option: `failOnStatusCode: false`",
                "estack": "CypressError: `cy.visit()` failed trying to load:\n\nhttps://www.chick-fil-a.com/stories\n\nThe response we received from your web server was:\n\n  > 403: Forbidden\n\nThis was considered a failure because the status code was not `2xx`.\n\nIf you do not want status codes to cause failures pass the option: `failOnStatusCode: false`\n    at https://www.chick-fil-a.com/__cypress/runner/cypress_runner.js:163591:84\n    at visitFailedByErr (https://www.chick-fil-a.com/__cypress/runner/cypress_runner.js:162912:12)\n    at https://www.chick-fil-a.com/__cypress/runner/cypress_runner.js:163571:13\n    at tryCatcher (https://www.chick-fil-a.com/__cypress/runner/cypress_runner.js:13022:23)\n    at Promise._settlePromiseFromHandler (https://www.chick-fil-a.com/__cypress/runner/cypress_runner.js:10957:31)\n    at Promise._settlePromise (https://www.chick-fil-a.com/__cypress/runner/cypress_runner.js:11014:18)\n    at Promise._settlePromise0 (https://www.chick-fil-a.com/__cypress/runner/cypress_runner.js:11059:10)\n    at Promise._settlePromises (https://www.chick-fil-a.com/__cypress/runner/cypress_runner.js:11135:18)\n    at _drainQueueStep (https://www.chick-fil-a.com/__cypress/runner/cypress_runner.js:7729:12)\n    at _drainQueue (https://www.chick-fil-a.com/__cypress/runner/cypress_runner.js:7722:9)\n    at Async.../../node_modules/bluebird/js/release/async.js.Async._drainQueues (https://www.chick-fil-a.com/__cypress/runner/cypress_runner.js:7738:5)\n    at Async.drainQueues (https://www.chick-fil-a.com/__cypress/runner/cypress_runner.js:7608:14)\nFrom Your Spec Code:\n    at Context.eval (https://www.chick-fil-a.com/__cypress/tests?p=cypress/integration/Stories.feature:193:10)\n    at Context.resolveAndRunStepDefinition (https://www.chick-fil-a.com/__cypress/tests?p=cypress/integration/Stories.feature:10623:29)\n    at Context.eval (https://www.chick-fil-a.com/__cypress/tests?p=cypress/integration/Stories.feature:9944:35)",
                "diff": null
              },
              "uuid": "10e0ca96-8ec8-4484-ac59-2e5a5742c204",
              "parentUUID": "6ce873a8-0ba6-4c93-9e7b-556a4d30cb6b",
              "isHook": false,
              "skipped": false
            },
            {
              "title": "Open a new story and check for related stories",
              "fullTitle": "Stories Open a new story and check for related stories",
              "timedOut": null,
              "duration": 657,
              "state": "failed",
              "speed": null,
              "pass": false,
              "fail": true,
              "pending": false,
              "context": null,
              "code": "const state = window.testState;\nreturn cy\n  .then(() => state.onStartScenario(scenario, indexedSteps))\n  .then(() =>\n    resolveAndRunBeforeHooks.call(this, scenario.tags, state.feature.name)\n  )\n  .then(() =>\n    indexedSteps.forEach((step) =>\n      stepTest.call(this, state, step, rowData)\n    )\n  )\n  .then(() => state.onFinishScenario(scenario));",
              "err": {
                "message": "CypressError: `cy.visit()` failed trying to load:\n\nhttps://www.chick-fil-a.com/stories\n\nThe response we received from your web server was:\n\n  > 403: Forbidden\n\nThis was considered a failure because the status code was not `2xx`.\n\nIf you do not want status codes to cause failures pass the option: `failOnStatusCode: false`",
                "estack": "CypressError: `cy.visit()` failed trying to load:\n\nhttps://www.chick-fil-a.com/stories\n\nThe response we received from your web server was:\n\n  > 403: Forbidden\n\nThis was considered a failure because the status code was not `2xx`.\n\nIf you do not want status codes to cause failures pass the option: `failOnStatusCode: false`\n    at https://www.chick-fil-a.com/__cypress/runner/cypress_runner.js:163591:84\n    at visitFailedByErr (https://www.chick-fil-a.com/__cypress/runner/cypress_runner.js:162912:12)\n    at https://www.chick-fil-a.com/__cypress/runner/cypress_runner.js:163571:13\n    at tryCatcher (https://www.chick-fil-a.com/__cypress/runner/cypress_runner.js:13022:23)\n    at Promise._settlePromiseFromHandler (https://www.chick-fil-a.com/__cypress/runner/cypress_runner.js:10957:31)\n    at Promise._settlePromise (https://www.chick-fil-a.com/__cypress/runner/cypress_runner.js:11014:18)\n    at Promise._settlePromise0 (https://www.chick-fil-a.com/__cypress/runner/cypress_runner.js:11059:10)\n    at Promise._settlePromises (https://www.chick-fil-a.com/__cypress/runner/cypress_runner.js:11135:18)\n    at _drainQueueStep (https://www.chick-fil-a.com/__cypress/runner/cypress_runner.js:7729:12)\n    at _drainQueue (https://www.chick-fil-a.com/__cypress/runner/cypress_runner.js:7722:9)\n    at Async.../../node_modules/bluebird/js/release/async.js.Async._drainQueues (https://www.chick-fil-a.com/__cypress/runner/cypress_runner.js:7738:5)\n    at Async.drainQueues (https://www.chick-fil-a.com/__cypress/runner/cypress_runner.js:7608:14)\nFrom Your Spec Code:\n    at Context.eval (https://www.chick-fil-a.com/__cypress/tests?p=cypress/integration/Stories.feature:193:10)\n    at Context.resolveAndRunStepDefinition (https://www.chick-fil-a.com/__cypress/tests?p=cypress/integration/Stories.feature:10623:29)\n    at Context.eval (https://www.chick-fil-a.com/__cypress/tests?p=cypress/integration/Stories.feature:9944:35)",
                "diff": null
              },
              "uuid": "311785b1-6117-41a2-8acd-884045998a8f",
              "parentUUID": "6ce873a8-0ba6-4c93-9e7b-556a4d30cb6b",
              "isHook": false,
              "skipped": false
            },
            {
              "title": "Verify stories links in Food section and check if they can be shared in social media",
              "fullTitle": "Stories Verify stories links in Food section and check if they can be shared in social media",
              "timedOut": null,
              "duration": 822,
              "state": "failed",
              "speed": null,
              "pass": false,
              "fail": true,
              "pending": false,
              "context": null,
              "code": "const state = window.testState;\nreturn cy\n  .then(() => state.onStartScenario(scenario, indexedSteps))\n  .then(() =>\n    resolveAndRunBeforeHooks.call(this, scenario.tags, state.feature.name)\n  )\n  .then(() =>\n    indexedSteps.forEach((step) =>\n      stepTest.call(this, state, step, rowData)\n    )\n  )\n  .then(() => state.onFinishScenario(scenario));",
              "err": {
                "message": "CypressError: `cy.visit()` failed trying to load:\n\nhttps://www.chick-fil-a.com/stories\n\nThe response we received from your web server was:\n\n  > 403: Forbidden\n\nThis was considered a failure because the status code was not `2xx`.\n\nIf you do not want status codes to cause failures pass the option: `failOnStatusCode: false`",
                "estack": "CypressError: `cy.visit()` failed trying to load:\n\nhttps://www.chick-fil-a.com/stories\n\nThe response we received from your web server was:\n\n  > 403: Forbidden\n\nThis was considered a failure because the status code was not `2xx`.\n\nIf you do not want status codes to cause failures pass the option: `failOnStatusCode: false`\n    at https://www.chick-fil-a.com/__cypress/runner/cypress_runner.js:163591:84\n    at visitFailedByErr (https://www.chick-fil-a.com/__cypress/runner/cypress_runner.js:162912:12)\n    at https://www.chick-fil-a.com/__cypress/runner/cypress_runner.js:163571:13\n    at tryCatcher (https://www.chick-fil-a.com/__cypress/runner/cypress_runner.js:13022:23)\n    at Promise._settlePromiseFromHandler (https://www.chick-fil-a.com/__cypress/runner/cypress_runner.js:10957:31)\n    at Promise._settlePromise (https://www.chick-fil-a.com/__cypress/runner/cypress_runner.js:11014:18)\n    at Promise._settlePromise0 (https://www.chick-fil-a.com/__cypress/runner/cypress_runner.js:11059:10)\n    at Promise._settlePromises (https://www.chick-fil-a.com/__cypress/runner/cypress_runner.js:11135:18)\n    at _drainQueueStep (https://www.chick-fil-a.com/__cypress/runner/cypress_runner.js:7729:12)\n    at _drainQueue (https://www.chick-fil-a.com/__cypress/runner/cypress_runner.js:7722:9)\n    at Async.../../node_modules/bluebird/js/release/async.js.Async._drainQueues (https://www.chick-fil-a.com/__cypress/runner/cypress_runner.js:7738:5)\n    at Async.drainQueues (https://www.chick-fil-a.com/__cypress/runner/cypress_runner.js:7608:14)\nFrom Your Spec Code:\n    at Context.eval (https://www.chick-fil-a.com/__cypress/tests?p=cypress/integration/Stories.feature:193:10)\n    at Context.resolveAndRunStepDefinition (https://www.chick-fil-a.com/__cypress/tests?p=cypress/integration/Stories.feature:10623:29)\n    at Context.eval (https://www.chick-fil-a.com/__cypress/tests?p=cypress/integration/Stories.feature:9944:35)",
                "diff": null
              },
              "uuid": "35d92ced-4431-4ac2-a0bf-8c7446eb6b68",
              "parentUUID": "6ce873a8-0ba6-4c93-9e7b-556a4d30cb6b",
              "isHook": false,
              "skipped": false
            },
            {
              "title": "check Lifesytle section",
              "fullTitle": "Stories check Lifesytle section",
              "timedOut": null,
              "duration": 1284,
              "state": "failed",
              "speed": null,
              "pass": false,
              "fail": true,
              "pending": false,
              "context": null,
              "code": "const state = window.testState;\nreturn cy\n  .then(() => state.onStartScenario(scenario, indexedSteps))\n  .then(() =>\n    resolveAndRunBeforeHooks.call(this, scenario.tags, state.feature.name)\n  )\n  .then(() =>\n    indexedSteps.forEach((step) =>\n      stepTest.call(this, state, step, rowData)\n    )\n  )\n  .then(() => state.onFinishScenario(scenario));",
              "err": {
                "message": "CypressError: `cy.visit()` failed trying to load:\n\nhttps://www.chick-fil-a.com/stories\n\nThe response we received from your web server was:\n\n  > 403: Forbidden\n\nThis was considered a failure because the status code was not `2xx`.\n\nIf you do not want status codes to cause failures pass the option: `failOnStatusCode: false`",
                "estack": "CypressError: `cy.visit()` failed trying to load:\n\nhttps://www.chick-fil-a.com/stories\n\nThe response we received from your web server was:\n\n  > 403: Forbidden\n\nThis was considered a failure because the status code was not `2xx`.\n\nIf you do not want status codes to cause failures pass the option: `failOnStatusCode: false`\n    at https://www.chick-fil-a.com/__cypress/runner/cypress_runner.js:163591:84\n    at visitFailedByErr (https://www.chick-fil-a.com/__cypress/runner/cypress_runner.js:162912:12)\n    at https://www.chick-fil-a.com/__cypress/runner/cypress_runner.js:163571:13\n    at tryCatcher (https://www.chick-fil-a.com/__cypress/runner/cypress_runner.js:13022:23)\n    at Promise._settlePromiseFromHandler (https://www.chick-fil-a.com/__cypress/runner/cypress_runner.js:10957:31)\n    at Promise._settlePromise (https://www.chick-fil-a.com/__cypress/runner/cypress_runner.js:11014:18)\n    at Promise._settlePromise0 (https://www.chick-fil-a.com/__cypress/runner/cypress_runner.js:11059:10)\n    at Promise._settlePromises (https://www.chick-fil-a.com/__cypress/runner/cypress_runner.js:11135:18)\n    at _drainQueueStep (https://www.chick-fil-a.com/__cypress/runner/cypress_runner.js:7729:12)\n    at _drainQueue (https://www.chick-fil-a.com/__cypress/runner/cypress_runner.js:7722:9)\n    at Async.../../node_modules/bluebird/js/release/async.js.Async._drainQueues (https://www.chick-fil-a.com/__cypress/runner/cypress_runner.js:7738:5)\n    at Async.drainQueues (https://www.chick-fil-a.com/__cypress/runner/cypress_runner.js:7608:14)\nFrom Your Spec Code:\n    at Context.eval (https://www.chick-fil-a.com/__cypress/tests?p=cypress/integration/Stories.feature:193:10)\n    at Context.resolveAndRunStepDefinition (https://www.chick-fil-a.com/__cypress/tests?p=cypress/integration/Stories.feature:10623:29)\n    at Context.eval (https://www.chick-fil-a.com/__cypress/tests?p=cypress/integration/Stories.feature:9944:35)",
                "diff": null
              },
              "uuid": "ad17e9cc-cd24-4f51-876e-b50ab32d9869",
              "parentUUID": "6ce873a8-0ba6-4c93-9e7b-556a4d30cb6b",
              "isHook": false,
              "skipped": false
            },
            {
              "title": "check inside-chick-fil-a section",
              "fullTitle": "Stories check inside-chick-fil-a section",
              "timedOut": null,
              "duration": 733,
              "state": "failed",
              "speed": null,
              "pass": false,
              "fail": true,
              "pending": false,
              "context": null,
              "code": "const state = window.testState;\nreturn cy\n  .then(() => state.onStartScenario(scenario, indexedSteps))\n  .then(() =>\n    resolveAndRunBeforeHooks.call(this, scenario.tags, state.feature.name)\n  )\n  .then(() =>\n    indexedSteps.forEach((step) =>\n      stepTest.call(this, state, step, rowData)\n    )\n  )\n  .then(() => state.onFinishScenario(scenario));",
              "err": {
                "message": "CypressError: `cy.visit()` failed trying to load:\n\nhttps://www.chick-fil-a.com/stories\n\nThe response we received from your web server was:\n\n  > 403: Forbidden\n\nThis was considered a failure because the status code was not `2xx`.\n\nIf you do not want status codes to cause failures pass the option: `failOnStatusCode: false`",
                "estack": "CypressError: `cy.visit()` failed trying to load:\n\nhttps://www.chick-fil-a.com/stories\n\nThe response we received from your web server was:\n\n  > 403: Forbidden\n\nThis was considered a failure because the status code was not `2xx`.\n\nIf you do not want status codes to cause failures pass the option: `failOnStatusCode: false`\n    at https://www.chick-fil-a.com/__cypress/runner/cypress_runner.js:163591:84\n    at visitFailedByErr (https://www.chick-fil-a.com/__cypress/runner/cypress_runner.js:162912:12)\n    at https://www.chick-fil-a.com/__cypress/runner/cypress_runner.js:163571:13\n    at tryCatcher (https://www.chick-fil-a.com/__cypress/runner/cypress_runner.js:13022:23)\n    at Promise._settlePromiseFromHandler (https://www.chick-fil-a.com/__cypress/runner/cypress_runner.js:10957:31)\n    at Promise._settlePromise (https://www.chick-fil-a.com/__cypress/runner/cypress_runner.js:11014:18)\n    at Promise._settlePromise0 (https://www.chick-fil-a.com/__cypress/runner/cypress_runner.js:11059:10)\n    at Promise._settlePromises (https://www.chick-fil-a.com/__cypress/runner/cypress_runner.js:11135:18)\n    at _drainQueueStep (https://www.chick-fil-a.com/__cypress/runner/cypress_runner.js:7729:12)\n    at _drainQueue (https://www.chick-fil-a.com/__cypress/runner/cypress_runner.js:7722:9)\n    at Async.../../node_modules/bluebird/js/release/async.js.Async._drainQueues (https://www.chick-fil-a.com/__cypress/runner/cypress_runner.js:7738:5)\n    at Async.drainQueues (https://www.chick-fil-a.com/__cypress/runner/cypress_runner.js:7608:14)\nFrom Your Spec Code:\n    at Context.eval (https://www.chick-fil-a.com/__cypress/tests?p=cypress/integration/Stories.feature:193:10)\n    at Context.resolveAndRunStepDefinition (https://www.chick-fil-a.com/__cypress/tests?p=cypress/integration/Stories.feature:10623:29)\n    at Context.eval (https://www.chick-fil-a.com/__cypress/tests?p=cypress/integration/Stories.feature:9944:35)",
                "diff": null
              },
              "uuid": "5f1d048f-bb42-4106-af3f-94dd46ebc55b",
              "parentUUID": "6ce873a8-0ba6-4c93-9e7b-556a4d30cb6b",
              "isHook": false,
              "skipped": false
            },
            {
              "title": "check News section",
              "fullTitle": "Stories check News section",
              "timedOut": null,
              "duration": 708,
              "state": "failed",
              "speed": null,
              "pass": false,
              "fail": true,
              "pending": false,
              "context": null,
              "code": "const state = window.testState;\nreturn cy\n  .then(() => state.onStartScenario(scenario, indexedSteps))\n  .then(() =>\n    resolveAndRunBeforeHooks.call(this, scenario.tags, state.feature.name)\n  )\n  .then(() =>\n    indexedSteps.forEach((step) =>\n      stepTest.call(this, state, step, rowData)\n    )\n  )\n  .then(() => state.onFinishScenario(scenario));",
              "err": {
                "message": "CypressError: `cy.visit()` failed trying to load:\n\nhttps://www.chick-fil-a.com/stories\n\nThe response we received from your web server was:\n\n  > 403: Forbidden\n\nThis was considered a failure because the status code was not `2xx`.\n\nIf you do not want status codes to cause failures pass the option: `failOnStatusCode: false`",
                "estack": "CypressError: `cy.visit()` failed trying to load:\n\nhttps://www.chick-fil-a.com/stories\n\nThe response we received from your web server was:\n\n  > 403: Forbidden\n\nThis was considered a failure because the status code was not `2xx`.\n\nIf you do not want status codes to cause failures pass the option: `failOnStatusCode: false`\n    at https://www.chick-fil-a.com/__cypress/runner/cypress_runner.js:163591:84\n    at visitFailedByErr (https://www.chick-fil-a.com/__cypress/runner/cypress_runner.js:162912:12)\n    at https://www.chick-fil-a.com/__cypress/runner/cypress_runner.js:163571:13\n    at tryCatcher (https://www.chick-fil-a.com/__cypress/runner/cypress_runner.js:13022:23)\n    at Promise._settlePromiseFromHandler (https://www.chick-fil-a.com/__cypress/runner/cypress_runner.js:10957:31)\n    at Promise._settlePromise (https://www.chick-fil-a.com/__cypress/runner/cypress_runner.js:11014:18)\n    at Promise._settlePromise0 (https://www.chick-fil-a.com/__cypress/runner/cypress_runner.js:11059:10)\n    at Promise._settlePromises (https://www.chick-fil-a.com/__cypress/runner/cypress_runner.js:11135:18)\n    at _drainQueueStep (https://www.chick-fil-a.com/__cypress/runner/cypress_runner.js:7729:12)\n    at _drainQueue (https://www.chick-fil-a.com/__cypress/runner/cypress_runner.js:7722:9)\n    at Async.../../node_modules/bluebird/js/release/async.js.Async._drainQueues (https://www.chick-fil-a.com/__cypress/runner/cypress_runner.js:7738:5)\n    at Async.drainQueues (https://www.chick-fil-a.com/__cypress/runner/cypress_runner.js:7608:14)\nFrom Your Spec Code:\n    at Context.eval (https://www.chick-fil-a.com/__cypress/tests?p=cypress/integration/Stories.feature:193:10)\n    at Context.resolveAndRunStepDefinition (https://www.chick-fil-a.com/__cypress/tests?p=cypress/integration/Stories.feature:10623:29)\n    at Context.eval (https://www.chick-fil-a.com/__cypress/tests?p=cypress/integration/Stories.feature:9944:35)",
                "diff": null
              },
              "uuid": "25e9a389-0a4b-4c25-9f3c-2798f0deb2c3",
              "parentUUID": "6ce873a8-0ba6-4c93-9e7b-556a4d30cb6b",
              "isHook": false,
              "skipped": false
            }
          ],
          "suites": [],
          "passes": [],
          "failures": [
            "19e58496-bd32-4e73-b3ef-63d046e00150",
            "a0cd6247-9e79-423d-85f6-d6cf40a209ab",
            "ff721bed-e3fe-4f79-8e78-9668600a55e0",
            "386bc974-d166-4ea0-a5c2-653bc8d5770d",
            "10e0ca96-8ec8-4484-ac59-2e5a5742c204",
            "311785b1-6117-41a2-8acd-884045998a8f",
            "35d92ced-4431-4ac2-a0bf-8c7446eb6b68",
            "ad17e9cc-cd24-4f51-876e-b50ab32d9869",
            "5f1d048f-bb42-4106-af3f-94dd46ebc55b",
            "25e9a389-0a4b-4c25-9f3c-2798f0deb2c3"
          ],
          "pending": [],
          "skipped": [],
          "duration": 7795,
          "root": false,
          "rootEmpty": false,
          "_timeout": 2000
        }
      ],
      "passes": [],
      "failures": [],
      "pending": [],
      "skipped": [],
      "duration": 0,
      "root": true,
      "rootEmpty": true,
      "_timeout": 2000
    }
  ],
  "meta": {
    "mocha": {
      "version": "7.0.1"
    },
    "mochawesome": {
      "options": {
        "quiet": false,
        "reportFilename": "mochawesome",
        "saveHtml": true,
        "saveJson": true,
        "consoleReporter": "spec",
        "useInlineDiffs": false,
        "code": true
      },
      "version": "7.1.3"
    },
    "marge": {
      "options": {
        "reportDir": "cypress/results",
        "overwrite": false,
        "html": true,
        "json": true
      },
      "version": "6.2.0"
    }
  }
}