{
  "stats": {
    "suites": 1,
    "tests": 2,
    "passes": 2,
    "pending": 0,
    "failures": 0,
    "start": "2022-09-30T19:46:00.891Z",
    "end": "2022-09-30T19:49:20.493Z",
    "duration": 199602,
    "testsRegistered": 2,
    "passPercent": 100,
    "pendingPercent": 0,
    "other": 0,
    "hasOther": false,
    "skipped": 0,
    "hasSkipped": false
  },
  "results": [
    {
      "uuid": "784530c5-88aa-48d1-bb54-8c462d9f6b74",
      "title": "",
      "fullFile": "cypress/integration/CreateAndDeleteImageAPI.feature",
      "file": "cypress/integration/CreateAndDeleteImageAPI.feature",
      "beforeHooks": [],
      "afterHooks": [],
      "tests": [],
      "suites": [
        {
          "uuid": "51b6c8d6-e887-49b9-ae78-deff47a39d09",
          "title": "Create And Delete Image API",
          "fullFile": "",
          "file": "",
          "beforeHooks": [],
          "afterHooks": [],
          "tests": [
            {
              "title": "Create an Image API Test",
              "fullTitle": "Create And Delete Image API Create an Image API Test",
              "timedOut": null,
              "duration": 100374,
              "state": "passed",
              "speed": "slow",
              "pass": true,
              "fail": false,
              "pending": false,
              "context": null,
              "code": "const state = window.testState;\nreturn cy\n  .then(() => state.onStartScenario(scenario, indexedSteps))\n  .then(() =>\n    resolveAndRunBeforeHooks.call(this, scenario.tags, state.feature.name)\n  )\n  .then(() =>\n    indexedSteps.forEach((step) =>\n      stepTest.call(this, state, step, rowData)\n    )\n  )\n  .then(() => state.onFinishScenario(scenario));",
              "err": {},
              "uuid": "8cb63901-a249-431f-b773-b6e8f2eb060c",
              "parentUUID": "51b6c8d6-e887-49b9-ae78-deff47a39d09",
              "isHook": false,
              "skipped": false
            },
            {
              "title": "Delete created Image",
              "fullTitle": "Create And Delete Image API Delete created Image",
              "timedOut": null,
              "duration": 94478,
              "state": "passed",
              "speed": "slow",
              "pass": true,
              "fail": false,
              "pending": false,
              "context": null,
              "code": "const state = window.testState;\nreturn cy\n  .then(() => state.onStartScenario(scenario, indexedSteps))\n  .then(() =>\n    resolveAndRunBeforeHooks.call(this, scenario.tags, state.feature.name)\n  )\n  .then(() =>\n    indexedSteps.forEach((step) =>\n      stepTest.call(this, state, step, rowData)\n    )\n  )\n  .then(() => state.onFinishScenario(scenario));",
              "err": {},
              "uuid": "3850af7b-ed93-4075-91f2-c1ce1843091e",
              "parentUUID": "51b6c8d6-e887-49b9-ae78-deff47a39d09",
              "isHook": false,
              "skipped": false
            }
          ],
          "suites": [],
          "passes": [
            "8cb63901-a249-431f-b773-b6e8f2eb060c",
            "3850af7b-ed93-4075-91f2-c1ce1843091e"
          ],
          "failures": [],
          "pending": [],
          "skipped": [],
          "duration": 194852,
          "root": false,
          "rootEmpty": false,
          "_timeout": 2000
        }
      ],
      "passes": [],
      "failures": [],
      "pending": [],
      "skipped": [],
      "duration": 0,
      "root": true,
      "rootEmpty": true,
      "_timeout": 2000
    }
  ],
  "meta": {
    "mocha": {
      "version": "7.0.1"
    },
    "mochawesome": {
      "options": {
        "quiet": false,
        "reportFilename": "mochawesome",
        "saveHtml": true,
        "saveJson": true,
        "consoleReporter": "spec",
        "useInlineDiffs": false,
        "code": true
      },
      "version": "7.1.3"
    },
    "marge": {
      "options": {
        "reportDir": "cypress/results",
        "overwrite": false,
        "html": true,
        "json": true
      },
      "version": "6.2.0"
    }
  }
}