{
  "stats": {
    "suites": 1,
    "tests": 7,
    "passes": 7,
    "pending": 0,
    "failures": 0,
    "start": "2022-09-30T20:00:53.300Z",
    "end": "2022-09-30T20:04:03.362Z",
    "duration": 190062,
    "testsRegistered": 7,
    "passPercent": 100,
    "pendingPercent": 0,
    "other": 0,
    "hasOther": false,
    "skipped": 0,
    "hasSkipped": false
  },
  "results": [
    {
      "uuid": "489551e0-0cd5-4b32-a963-f0bd6a2157d6",
      "title": "",
      "fullFile": "cypress/integration/NationalMenu.feature",
      "file": "cypress/integration/NationalMenu.feature",
      "beforeHooks": [],
      "afterHooks": [],
      "tests": [],
      "suites": [
        {
          "uuid": "fe0aa019-7e49-426f-8623-87fe61e75470",
          "title": "National Menu",
          "fullFile": "",
          "file": "",
          "beforeHooks": [],
          "afterHooks": [],
          "tests": [
            {
              "title": "Verify availability message above menu",
              "fullTitle": "National Menu Verify availability message above menu",
              "timedOut": null,
              "duration": 48183,
              "state": "passed",
              "speed": "slow",
              "pass": true,
              "fail": false,
              "pending": false,
              "context": null,
              "code": "const state = window.testState;\nreturn cy\n  .then(() => state.onStartScenario(scenario, indexedSteps))\n  .then(() =>\n    resolveAndRunBeforeHooks.call(this, scenario.tags, state.feature.name)\n  )\n  .then(() =>\n    indexedSteps.forEach((step) =>\n      stepTest.call(this, state, step, rowData)\n    )\n  )\n  .then(() => state.onFinishScenario(scenario));",
              "err": {},
              "uuid": "27093d21-b81a-4702-94be-75dbb69cee28",
              "parentUUID": "fe0aa019-7e49-426f-8623-87fe61e75470",
              "isHook": false,
              "skipped": false
            },
            {
              "title": "Order pickup option on PDP takes user to PWO",
              "fullTitle": "National Menu Order pickup option on PDP takes user to PWO",
              "timedOut": null,
              "duration": 12240,
              "state": "passed",
              "speed": "slow",
              "pass": true,
              "fail": false,
              "pending": false,
              "context": null,
              "code": "const state = window.testState;\nreturn cy\n  .then(() => state.onStartScenario(scenario, indexedSteps))\n  .then(() =>\n    resolveAndRunBeforeHooks.call(this, scenario.tags, state.feature.name)\n  )\n  .then(() =>\n    indexedSteps.forEach((step) =>\n      stepTest.call(this, state, step, rowData)\n    )\n  )\n  .then(() => state.onFinishScenario(scenario));",
              "err": {},
              "uuid": "37208548-e6b7-4672-a496-94f87c8aa4b7",
              "parentUUID": "fe0aa019-7e49-426f-8623-87fe61e75470",
              "isHook": false,
              "skipped": false
            },
            {
              "title": "Order delivery option on PDP takes user to delivery page",
              "fullTitle": "National Menu Order delivery option on PDP takes user to delivery page",
              "timedOut": null,
              "duration": 7522,
              "state": "passed",
              "speed": "medium",
              "pass": true,
              "fail": false,
              "pending": false,
              "context": null,
              "code": "const state = window.testState;\nreturn cy\n  .then(() => state.onStartScenario(scenario, indexedSteps))\n  .then(() =>\n    resolveAndRunBeforeHooks.call(this, scenario.tags, state.feature.name)\n  )\n  .then(() =>\n    indexedSteps.forEach((step) =>\n      stepTest.call(this, state, step, rowData)\n    )\n  )\n  .then(() => state.onFinishScenario(scenario));",
              "err": {},
              "uuid": "011b502c-fe8e-46b6-9b09-8c8630bc5f35",
              "parentUUID": "fe0aa019-7e49-426f-8623-87fe61e75470",
              "isHook": false,
              "skipped": false
            },
            {
              "title": "Verify url of all menu items",
              "fullTitle": "National Menu Verify url of all menu items",
              "timedOut": null,
              "duration": 4992,
              "state": "passed",
              "speed": "fast",
              "pass": true,
              "fail": false,
              "pending": false,
              "context": null,
              "code": "const state = window.testState;\nreturn cy\n  .then(() => state.onStartScenario(scenario, indexedSteps))\n  .then(() =>\n    resolveAndRunBeforeHooks.call(this, scenario.tags, state.feature.name)\n  )\n  .then(() =>\n    indexedSteps.forEach((step) =>\n      stepTest.call(this, state, step, rowData)\n    )\n  )\n  .then(() => state.onFinishScenario(scenario));",
              "err": {},
              "uuid": "ba56c114-ab60-43a2-9e1a-b4130d1c4391",
              "parentUUID": "fe0aa019-7e49-426f-8623-87fe61e75470",
              "isHook": false,
              "skipped": false
            },
            {
              "title": "Order delivery option takes user to delivery page",
              "fullTitle": "National Menu Order delivery option takes user to delivery page",
              "timedOut": null,
              "duration": 15267,
              "state": "passed",
              "speed": "slow",
              "pass": true,
              "fail": false,
              "pending": false,
              "context": null,
              "code": "const state = window.testState;\nreturn cy\n  .then(() => state.onStartScenario(scenario, indexedSteps))\n  .then(() =>\n    resolveAndRunBeforeHooks.call(this, scenario.tags, state.feature.name)\n  )\n  .then(() =>\n    indexedSteps.forEach((step) =>\n      stepTest.call(this, state, step, rowData)\n    )\n  )\n  .then(() => state.onFinishScenario(scenario));",
              "err": {},
              "uuid": "155476ae-149c-4e4d-a176-224993ac1450",
              "parentUUID": "fe0aa019-7e49-426f-8623-87fe61e75470",
              "isHook": false,
              "skipped": false
            },
            {
              "title": "Order pickup option takes user to order pickup PWO",
              "fullTitle": "National Menu Order pickup option takes user to order pickup PWO",
              "timedOut": null,
              "duration": 6952,
              "state": "passed",
              "speed": "medium",
              "pass": true,
              "fail": false,
              "pending": false,
              "context": null,
              "code": "const state = window.testState;\nreturn cy\n  .then(() => state.onStartScenario(scenario, indexedSteps))\n  .then(() =>\n    resolveAndRunBeforeHooks.call(this, scenario.tags, state.feature.name)\n  )\n  .then(() =>\n    indexedSteps.forEach((step) =>\n      stepTest.call(this, state, step, rowData)\n    )\n  )\n  .then(() => state.onFinishScenario(scenario));",
              "err": {},
              "uuid": "9e6a282f-2e19-46b9-9450-c0438a3f3f12",
              "parentUUID": "fe0aa019-7e49-426f-8623-87fe61e75470",
              "isHook": false,
              "skipped": false
            },
            {
              "title": "Clicking on sub sections of Menu shows corresponding items",
              "fullTitle": "National Menu Clicking on sub sections of Menu shows corresponding items",
              "timedOut": null,
              "duration": 6633,
              "state": "passed",
              "speed": "medium",
              "pass": true,
              "fail": false,
              "pending": false,
              "context": null,
              "code": "const state = window.testState;\nreturn cy\n  .then(() => state.onStartScenario(scenario, indexedSteps))\n  .then(() =>\n    resolveAndRunBeforeHooks.call(this, scenario.tags, state.feature.name)\n  )\n  .then(() =>\n    indexedSteps.forEach((step) =>\n      stepTest.call(this, state, step, rowData)\n    )\n  )\n  .then(() => state.onFinishScenario(scenario));",
              "err": {},
              "uuid": "cdfac77b-7c82-422e-8438-69cbcd46c18b",
              "parentUUID": "fe0aa019-7e49-426f-8623-87fe61e75470",
              "isHook": false,
              "skipped": false
            }
          ],
          "suites": [],
          "passes": [
            "27093d21-b81a-4702-94be-75dbb69cee28",
            "37208548-e6b7-4672-a496-94f87c8aa4b7",
            "011b502c-fe8e-46b6-9b09-8c8630bc5f35",
            "ba56c114-ab60-43a2-9e1a-b4130d1c4391",
            "155476ae-149c-4e4d-a176-224993ac1450",
            "9e6a282f-2e19-46b9-9450-c0438a3f3f12",
            "cdfac77b-7c82-422e-8438-69cbcd46c18b"
          ],
          "failures": [],
          "pending": [],
          "skipped": [],
          "duration": 101789,
          "root": false,
          "rootEmpty": false,
          "_timeout": 2000
        }
      ],
      "passes": [],
      "failures": [],
      "pending": [],
      "skipped": [],
      "duration": 0,
      "root": true,
      "rootEmpty": true,
      "_timeout": 2000
    }
  ],
  "meta": {
    "mocha": {
      "version": "7.0.1"
    },
    "mochawesome": {
      "options": {
        "quiet": false,
        "reportFilename": "mochawesome",
        "saveHtml": true,
        "saveJson": true,
        "consoleReporter": "spec",
        "useInlineDiffs": false,
        "code": true
      },
      "version": "7.1.3"
    },
    "marge": {
      "options": {
        "reportDir": "cypress/results",
        "overwrite": false,
        "html": true,
        "json": true
      },
      "version": "6.2.0"
    }
  }
}