{
  "stats": {
    "suites": 1,
    "tests": 7,
    "passes": 0,
    "pending": 0,
    "failures": 7,
    "start": "2022-09-30T19:42:26.453Z",
    "end": "2022-09-30T19:42:53.710Z",
    "duration": 27257,
    "testsRegistered": 7,
    "passPercent": 0,
    "pendingPercent": 0,
    "other": 0,
    "hasOther": false,
    "skipped": 0,
    "hasSkipped": false
  },
  "results": [
    {
      "uuid": "37d4565b-0a8f-4dbb-9e43-146a499151bd",
      "title": "",
      "fullFile": "cypress/integration/NationalMenu.feature",
      "file": "cypress/integration/NationalMenu.feature",
      "beforeHooks": [],
      "afterHooks": [],
      "tests": [],
      "suites": [
        {
          "uuid": "92d51164-05ad-4455-a34f-71b71d965741",
          "title": "National Menu",
          "fullFile": "",
          "file": "",
          "beforeHooks": [],
          "afterHooks": [],
          "tests": [
            {
              "title": "Verify availability message above menu",
              "fullTitle": "National Menu Verify availability message above menu",
              "timedOut": null,
              "duration": 1288,
              "state": "failed",
              "speed": null,
              "pass": false,
              "fail": true,
              "pending": false,
              "context": null,
              "code": "const state = window.testState;\nreturn cy\n  .then(() => state.onStartScenario(scenario, indexedSteps))\n  .then(() =>\n    resolveAndRunBeforeHooks.call(this, scenario.tags, state.feature.name)\n  )\n  .then(() =>\n    indexedSteps.forEach((step) =>\n      stepTest.call(this, state, step, rowData)\n    )\n  )\n  .then(() => state.onFinishScenario(scenario));",
              "err": {
                "message": "CypressError: `cy.visit()` failed trying to load:\n\nhttps://www.chick-fil-a.com/menu\n\nThe response we received from your web server was:\n\n  > 403: Forbidden\n\nThis was considered a failure because the status code was not `2xx`.\n\nIf you do not want status codes to cause failures pass the option: `failOnStatusCode: false`",
                "estack": "CypressError: `cy.visit()` failed trying to load:\n\nhttps://www.chick-fil-a.com/menu\n\nThe response we received from your web server was:\n\n  > 403: Forbidden\n\nThis was considered a failure because the status code was not `2xx`.\n\nIf you do not want status codes to cause failures pass the option: `failOnStatusCode: false`\n    at https://www.chick-fil-a.com/__cypress/runner/cypress_runner.js:163591:84\n    at visitFailedByErr (https://www.chick-fil-a.com/__cypress/runner/cypress_runner.js:162912:12)\n    at https://www.chick-fil-a.com/__cypress/runner/cypress_runner.js:163571:13\n    at tryCatcher (https://www.chick-fil-a.com/__cypress/runner/cypress_runner.js:13022:23)\n    at Promise._settlePromiseFromHandler (https://www.chick-fil-a.com/__cypress/runner/cypress_runner.js:10957:31)\n    at Promise._settlePromise (https://www.chick-fil-a.com/__cypress/runner/cypress_runner.js:11014:18)\n    at Promise._settlePromise0 (https://www.chick-fil-a.com/__cypress/runner/cypress_runner.js:11059:10)\n    at Promise._settlePromises (https://www.chick-fil-a.com/__cypress/runner/cypress_runner.js:11135:18)\n    at _drainQueueStep (https://www.chick-fil-a.com/__cypress/runner/cypress_runner.js:7729:12)\n    at _drainQueue (https://www.chick-fil-a.com/__cypress/runner/cypress_runner.js:7722:9)\n    at Async.../../node_modules/bluebird/js/release/async.js.Async._drainQueues (https://www.chick-fil-a.com/__cypress/runner/cypress_runner.js:7738:5)\n    at Async.drainQueues (https://www.chick-fil-a.com/__cypress/runner/cypress_runner.js:7608:14)\nFrom Your Spec Code:\n    at Context.eval (https://www.chick-fil-a.com/__cypress/tests?p=cypress/integration/NationalMenu.feature:175:10)\n    at Context.resolveAndRunStepDefinition (https://www.chick-fil-a.com/__cypress/tests?p=cypress/integration/NationalMenu.feature:10782:29)\n    at Context.eval (https://www.chick-fil-a.com/__cypress/tests?p=cypress/integration/NationalMenu.feature:10103:35)",
                "diff": null
              },
              "uuid": "33996de5-f4b2-445a-8a6f-7f40061c04f0",
              "parentUUID": "92d51164-05ad-4455-a34f-71b71d965741",
              "isHook": false,
              "skipped": false
            },
            {
              "title": "Order pickup option on PDP takes user to PWO",
              "fullTitle": "National Menu Order pickup option on PDP takes user to PWO",
              "timedOut": null,
              "duration": 731,
              "state": "failed",
              "speed": null,
              "pass": false,
              "fail": true,
              "pending": false,
              "context": null,
              "code": "const state = window.testState;\nreturn cy\n  .then(() => state.onStartScenario(scenario, indexedSteps))\n  .then(() =>\n    resolveAndRunBeforeHooks.call(this, scenario.tags, state.feature.name)\n  )\n  .then(() =>\n    indexedSteps.forEach((step) =>\n      stepTest.call(this, state, step, rowData)\n    )\n  )\n  .then(() => state.onFinishScenario(scenario));",
              "err": {
                "message": "CypressError: `cy.visit()` failed trying to load:\n\nhttps://www.chick-fil-a.com/menu\n\nThe response we received from your web server was:\n\n  > 403: Forbidden\n\nThis was considered a failure because the status code was not `2xx`.\n\nIf you do not want status codes to cause failures pass the option: `failOnStatusCode: false`",
                "estack": "CypressError: `cy.visit()` failed trying to load:\n\nhttps://www.chick-fil-a.com/menu\n\nThe response we received from your web server was:\n\n  > 403: Forbidden\n\nThis was considered a failure because the status code was not `2xx`.\n\nIf you do not want status codes to cause failures pass the option: `failOnStatusCode: false`\n    at https://www.chick-fil-a.com/__cypress/runner/cypress_runner.js:163591:84\n    at visitFailedByErr (https://www.chick-fil-a.com/__cypress/runner/cypress_runner.js:162912:12)\n    at https://www.chick-fil-a.com/__cypress/runner/cypress_runner.js:163571:13\n    at tryCatcher (https://www.chick-fil-a.com/__cypress/runner/cypress_runner.js:13022:23)\n    at Promise._settlePromiseFromHandler (https://www.chick-fil-a.com/__cypress/runner/cypress_runner.js:10957:31)\n    at Promise._settlePromise (https://www.chick-fil-a.com/__cypress/runner/cypress_runner.js:11014:18)\n    at Promise._settlePromise0 (https://www.chick-fil-a.com/__cypress/runner/cypress_runner.js:11059:10)\n    at Promise._settlePromises (https://www.chick-fil-a.com/__cypress/runner/cypress_runner.js:11135:18)\n    at _drainQueueStep (https://www.chick-fil-a.com/__cypress/runner/cypress_runner.js:7729:12)\n    at _drainQueue (https://www.chick-fil-a.com/__cypress/runner/cypress_runner.js:7722:9)\n    at Async.../../node_modules/bluebird/js/release/async.js.Async._drainQueues (https://www.chick-fil-a.com/__cypress/runner/cypress_runner.js:7738:5)\n    at Async.drainQueues (https://www.chick-fil-a.com/__cypress/runner/cypress_runner.js:7608:14)\nFrom Your Spec Code:\n    at Context.eval (https://www.chick-fil-a.com/__cypress/tests?p=cypress/integration/NationalMenu.feature:175:10)\n    at Context.resolveAndRunStepDefinition (https://www.chick-fil-a.com/__cypress/tests?p=cypress/integration/NationalMenu.feature:10782:29)\n    at Context.eval (https://www.chick-fil-a.com/__cypress/tests?p=cypress/integration/NationalMenu.feature:10103:35)",
                "diff": null
              },
              "uuid": "84dc2342-5d44-4445-98b7-7f7cd2832065",
              "parentUUID": "92d51164-05ad-4455-a34f-71b71d965741",
              "isHook": false,
              "skipped": false
            },
            {
              "title": "Order delivery option on PDP takes user to delivery page",
              "fullTitle": "National Menu Order delivery option on PDP takes user to delivery page",
              "timedOut": null,
              "duration": 936,
              "state": "failed",
              "speed": null,
              "pass": false,
              "fail": true,
              "pending": false,
              "context": null,
              "code": "const state = window.testState;\nreturn cy\n  .then(() => state.onStartScenario(scenario, indexedSteps))\n  .then(() =>\n    resolveAndRunBeforeHooks.call(this, scenario.tags, state.feature.name)\n  )\n  .then(() =>\n    indexedSteps.forEach((step) =>\n      stepTest.call(this, state, step, rowData)\n    )\n  )\n  .then(() => state.onFinishScenario(scenario));",
              "err": {
                "message": "CypressError: `cy.visit()` failed trying to load:\n\nhttps://www.chick-fil-a.com/menu\n\nThe response we received from your web server was:\n\n  > 403: Forbidden\n\nThis was considered a failure because the status code was not `2xx`.\n\nIf you do not want status codes to cause failures pass the option: `failOnStatusCode: false`",
                "estack": "CypressError: `cy.visit()` failed trying to load:\n\nhttps://www.chick-fil-a.com/menu\n\nThe response we received from your web server was:\n\n  > 403: Forbidden\n\nThis was considered a failure because the status code was not `2xx`.\n\nIf you do not want status codes to cause failures pass the option: `failOnStatusCode: false`\n    at https://www.chick-fil-a.com/__cypress/runner/cypress_runner.js:163591:84\n    at visitFailedByErr (https://www.chick-fil-a.com/__cypress/runner/cypress_runner.js:162912:12)\n    at https://www.chick-fil-a.com/__cypress/runner/cypress_runner.js:163571:13\n    at tryCatcher (https://www.chick-fil-a.com/__cypress/runner/cypress_runner.js:13022:23)\n    at Promise._settlePromiseFromHandler (https://www.chick-fil-a.com/__cypress/runner/cypress_runner.js:10957:31)\n    at Promise._settlePromise (https://www.chick-fil-a.com/__cypress/runner/cypress_runner.js:11014:18)\n    at Promise._settlePromise0 (https://www.chick-fil-a.com/__cypress/runner/cypress_runner.js:11059:10)\n    at Promise._settlePromises (https://www.chick-fil-a.com/__cypress/runner/cypress_runner.js:11135:18)\n    at _drainQueueStep (https://www.chick-fil-a.com/__cypress/runner/cypress_runner.js:7729:12)\n    at _drainQueue (https://www.chick-fil-a.com/__cypress/runner/cypress_runner.js:7722:9)\n    at Async.../../node_modules/bluebird/js/release/async.js.Async._drainQueues (https://www.chick-fil-a.com/__cypress/runner/cypress_runner.js:7738:5)\n    at Async.drainQueues (https://www.chick-fil-a.com/__cypress/runner/cypress_runner.js:7608:14)\nFrom Your Spec Code:\n    at Context.eval (https://www.chick-fil-a.com/__cypress/tests?p=cypress/integration/NationalMenu.feature:175:10)\n    at Context.resolveAndRunStepDefinition (https://www.chick-fil-a.com/__cypress/tests?p=cypress/integration/NationalMenu.feature:10782:29)\n    at Context.eval (https://www.chick-fil-a.com/__cypress/tests?p=cypress/integration/NationalMenu.feature:10103:35)",
                "diff": null
              },
              "uuid": "50c174c6-3bcb-40ba-923e-8e5befe83dd6",
              "parentUUID": "92d51164-05ad-4455-a34f-71b71d965741",
              "isHook": false,
              "skipped": false
            },
            {
              "title": "Verify url of all menu items",
              "fullTitle": "National Menu Verify url of all menu items",
              "timedOut": null,
              "duration": 1234,
              "state": "failed",
              "speed": null,
              "pass": false,
              "fail": true,
              "pending": false,
              "context": null,
              "code": "const state = window.testState;\nreturn cy\n  .then(() => state.onStartScenario(scenario, indexedSteps))\n  .then(() =>\n    resolveAndRunBeforeHooks.call(this, scenario.tags, state.feature.name)\n  )\n  .then(() =>\n    indexedSteps.forEach((step) =>\n      stepTest.call(this, state, step, rowData)\n    )\n  )\n  .then(() => state.onFinishScenario(scenario));",
              "err": {
                "message": "CypressError: `cy.visit()` failed trying to load:\n\nhttps://www.chick-fil-a.com/menu\n\nThe response we received from your web server was:\n\n  > 403: Forbidden\n\nThis was considered a failure because the status code was not `2xx`.\n\nIf you do not want status codes to cause failures pass the option: `failOnStatusCode: false`",
                "estack": "CypressError: `cy.visit()` failed trying to load:\n\nhttps://www.chick-fil-a.com/menu\n\nThe response we received from your web server was:\n\n  > 403: Forbidden\n\nThis was considered a failure because the status code was not `2xx`.\n\nIf you do not want status codes to cause failures pass the option: `failOnStatusCode: false`\n    at https://www.chick-fil-a.com/__cypress/runner/cypress_runner.js:163591:84\n    at visitFailedByErr (https://www.chick-fil-a.com/__cypress/runner/cypress_runner.js:162912:12)\n    at https://www.chick-fil-a.com/__cypress/runner/cypress_runner.js:163571:13\n    at tryCatcher (https://www.chick-fil-a.com/__cypress/runner/cypress_runner.js:13022:23)\n    at Promise._settlePromiseFromHandler (https://www.chick-fil-a.com/__cypress/runner/cypress_runner.js:10957:31)\n    at Promise._settlePromise (https://www.chick-fil-a.com/__cypress/runner/cypress_runner.js:11014:18)\n    at Promise._settlePromise0 (https://www.chick-fil-a.com/__cypress/runner/cypress_runner.js:11059:10)\n    at Promise._settlePromises (https://www.chick-fil-a.com/__cypress/runner/cypress_runner.js:11135:18)\n    at _drainQueueStep (https://www.chick-fil-a.com/__cypress/runner/cypress_runner.js:7729:12)\n    at _drainQueue (https://www.chick-fil-a.com/__cypress/runner/cypress_runner.js:7722:9)\n    at Async.../../node_modules/bluebird/js/release/async.js.Async._drainQueues (https://www.chick-fil-a.com/__cypress/runner/cypress_runner.js:7738:5)\n    at Async.drainQueues (https://www.chick-fil-a.com/__cypress/runner/cypress_runner.js:7608:14)\nFrom Your Spec Code:\n    at Context.eval (https://www.chick-fil-a.com/__cypress/tests?p=cypress/integration/NationalMenu.feature:175:10)\n    at Context.resolveAndRunStepDefinition (https://www.chick-fil-a.com/__cypress/tests?p=cypress/integration/NationalMenu.feature:10782:29)\n    at Context.eval (https://www.chick-fil-a.com/__cypress/tests?p=cypress/integration/NationalMenu.feature:10103:35)",
                "diff": null
              },
              "uuid": "6d1be60f-dc34-4c29-8fc6-bc7c02bf07f4",
              "parentUUID": "92d51164-05ad-4455-a34f-71b71d965741",
              "isHook": false,
              "skipped": false
            },
            {
              "title": "Order delivery option takes user to delivery page",
              "fullTitle": "National Menu Order delivery option takes user to delivery page",
              "timedOut": null,
              "duration": 2460,
              "state": "failed",
              "speed": null,
              "pass": false,
              "fail": true,
              "pending": false,
              "context": null,
              "code": "const state = window.testState;\nreturn cy\n  .then(() => state.onStartScenario(scenario, indexedSteps))\n  .then(() =>\n    resolveAndRunBeforeHooks.call(this, scenario.tags, state.feature.name)\n  )\n  .then(() =>\n    indexedSteps.forEach((step) =>\n      stepTest.call(this, state, step, rowData)\n    )\n  )\n  .then(() => state.onFinishScenario(scenario));",
              "err": {
                "message": "CypressError: `cy.visit()` failed trying to load:\n\nhttps://www.chick-fil-a.com/menu\n\nThe response we received from your web server was:\n\n  > 403: Forbidden\n\nThis was considered a failure because the status code was not `2xx`.\n\nIf you do not want status codes to cause failures pass the option: `failOnStatusCode: false`",
                "estack": "CypressError: `cy.visit()` failed trying to load:\n\nhttps://www.chick-fil-a.com/menu\n\nThe response we received from your web server was:\n\n  > 403: Forbidden\n\nThis was considered a failure because the status code was not `2xx`.\n\nIf you do not want status codes to cause failures pass the option: `failOnStatusCode: false`\n    at https://www.chick-fil-a.com/__cypress/runner/cypress_runner.js:163591:84\n    at visitFailedByErr (https://www.chick-fil-a.com/__cypress/runner/cypress_runner.js:162912:12)\n    at https://www.chick-fil-a.com/__cypress/runner/cypress_runner.js:163571:13\n    at tryCatcher (https://www.chick-fil-a.com/__cypress/runner/cypress_runner.js:13022:23)\n    at Promise._settlePromiseFromHandler (https://www.chick-fil-a.com/__cypress/runner/cypress_runner.js:10957:31)\n    at Promise._settlePromise (https://www.chick-fil-a.com/__cypress/runner/cypress_runner.js:11014:18)\n    at Promise._settlePromise0 (https://www.chick-fil-a.com/__cypress/runner/cypress_runner.js:11059:10)\n    at Promise._settlePromises (https://www.chick-fil-a.com/__cypress/runner/cypress_runner.js:11135:18)\n    at _drainQueueStep (https://www.chick-fil-a.com/__cypress/runner/cypress_runner.js:7729:12)\n    at _drainQueue (https://www.chick-fil-a.com/__cypress/runner/cypress_runner.js:7722:9)\n    at Async.../../node_modules/bluebird/js/release/async.js.Async._drainQueues (https://www.chick-fil-a.com/__cypress/runner/cypress_runner.js:7738:5)\n    at Async.drainQueues (https://www.chick-fil-a.com/__cypress/runner/cypress_runner.js:7608:14)\nFrom Your Spec Code:\n    at Context.eval (https://www.chick-fil-a.com/__cypress/tests?p=cypress/integration/NationalMenu.feature:175:10)\n    at Context.resolveAndRunStepDefinition (https://www.chick-fil-a.com/__cypress/tests?p=cypress/integration/NationalMenu.feature:10782:29)\n    at Context.eval (https://www.chick-fil-a.com/__cypress/tests?p=cypress/integration/NationalMenu.feature:10103:35)",
                "diff": null
              },
              "uuid": "595cb90f-fb0f-47e1-aa2c-025db92ac1fb",
              "parentUUID": "92d51164-05ad-4455-a34f-71b71d965741",
              "isHook": false,
              "skipped": false
            },
            {
              "title": "Order pickup option takes user to order pickup PWO",
              "fullTitle": "National Menu Order pickup option takes user to order pickup PWO",
              "timedOut": null,
              "duration": 1658,
              "state": "failed",
              "speed": null,
              "pass": false,
              "fail": true,
              "pending": false,
              "context": null,
              "code": "const state = window.testState;\nreturn cy\n  .then(() => state.onStartScenario(scenario, indexedSteps))\n  .then(() =>\n    resolveAndRunBeforeHooks.call(this, scenario.tags, state.feature.name)\n  )\n  .then(() =>\n    indexedSteps.forEach((step) =>\n      stepTest.call(this, state, step, rowData)\n    )\n  )\n  .then(() => state.onFinishScenario(scenario));",
              "err": {
                "message": "CypressError: `cy.visit()` failed trying to load:\n\nhttps://www.chick-fil-a.com/menu\n\nThe response we received from your web server was:\n\n  > 403: Forbidden\n\nThis was considered a failure because the status code was not `2xx`.\n\nIf you do not want status codes to cause failures pass the option: `failOnStatusCode: false`",
                "estack": "CypressError: `cy.visit()` failed trying to load:\n\nhttps://www.chick-fil-a.com/menu\n\nThe response we received from your web server was:\n\n  > 403: Forbidden\n\nThis was considered a failure because the status code was not `2xx`.\n\nIf you do not want status codes to cause failures pass the option: `failOnStatusCode: false`\n    at https://www.chick-fil-a.com/__cypress/runner/cypress_runner.js:163591:84\n    at visitFailedByErr (https://www.chick-fil-a.com/__cypress/runner/cypress_runner.js:162912:12)\n    at https://www.chick-fil-a.com/__cypress/runner/cypress_runner.js:163571:13\n    at tryCatcher (https://www.chick-fil-a.com/__cypress/runner/cypress_runner.js:13022:23)\n    at Promise._settlePromiseFromHandler (https://www.chick-fil-a.com/__cypress/runner/cypress_runner.js:10957:31)\n    at Promise._settlePromise (https://www.chick-fil-a.com/__cypress/runner/cypress_runner.js:11014:18)\n    at Promise._settlePromise0 (https://www.chick-fil-a.com/__cypress/runner/cypress_runner.js:11059:10)\n    at Promise._settlePromises (https://www.chick-fil-a.com/__cypress/runner/cypress_runner.js:11135:18)\n    at _drainQueueStep (https://www.chick-fil-a.com/__cypress/runner/cypress_runner.js:7729:12)\n    at _drainQueue (https://www.chick-fil-a.com/__cypress/runner/cypress_runner.js:7722:9)\n    at Async.../../node_modules/bluebird/js/release/async.js.Async._drainQueues (https://www.chick-fil-a.com/__cypress/runner/cypress_runner.js:7738:5)\n    at Async.drainQueues (https://www.chick-fil-a.com/__cypress/runner/cypress_runner.js:7608:14)\nFrom Your Spec Code:\n    at Context.eval (https://www.chick-fil-a.com/__cypress/tests?p=cypress/integration/NationalMenu.feature:175:10)\n    at Context.resolveAndRunStepDefinition (https://www.chick-fil-a.com/__cypress/tests?p=cypress/integration/NationalMenu.feature:10782:29)\n    at Context.eval (https://www.chick-fil-a.com/__cypress/tests?p=cypress/integration/NationalMenu.feature:10103:35)",
                "diff": null
              },
              "uuid": "007ed647-27df-4014-9a68-f551d7161427",
              "parentUUID": "92d51164-05ad-4455-a34f-71b71d965741",
              "isHook": false,
              "skipped": false
            },
            {
              "title": "Clicking on sub sections of Menu shows corresponding items",
              "fullTitle": "National Menu Clicking on sub sections of Menu shows corresponding items",
              "timedOut": null,
              "duration": 753,
              "state": "failed",
              "speed": null,
              "pass": false,
              "fail": true,
              "pending": false,
              "context": null,
              "code": "const state = window.testState;\nreturn cy\n  .then(() => state.onStartScenario(scenario, indexedSteps))\n  .then(() =>\n    resolveAndRunBeforeHooks.call(this, scenario.tags, state.feature.name)\n  )\n  .then(() =>\n    indexedSteps.forEach((step) =>\n      stepTest.call(this, state, step, rowData)\n    )\n  )\n  .then(() => state.onFinishScenario(scenario));",
              "err": {
                "message": "CypressError: `cy.visit()` failed trying to load:\n\nhttps://www.chick-fil-a.com/menu\n\nThe response we received from your web server was:\n\n  > 403: Forbidden\n\nThis was considered a failure because the status code was not `2xx`.\n\nIf you do not want status codes to cause failures pass the option: `failOnStatusCode: false`",
                "estack": "CypressError: `cy.visit()` failed trying to load:\n\nhttps://www.chick-fil-a.com/menu\n\nThe response we received from your web server was:\n\n  > 403: Forbidden\n\nThis was considered a failure because the status code was not `2xx`.\n\nIf you do not want status codes to cause failures pass the option: `failOnStatusCode: false`\n    at https://www.chick-fil-a.com/__cypress/runner/cypress_runner.js:163591:84\n    at visitFailedByErr (https://www.chick-fil-a.com/__cypress/runner/cypress_runner.js:162912:12)\n    at https://www.chick-fil-a.com/__cypress/runner/cypress_runner.js:163571:13\n    at tryCatcher (https://www.chick-fil-a.com/__cypress/runner/cypress_runner.js:13022:23)\n    at Promise._settlePromiseFromHandler (https://www.chick-fil-a.com/__cypress/runner/cypress_runner.js:10957:31)\n    at Promise._settlePromise (https://www.chick-fil-a.com/__cypress/runner/cypress_runner.js:11014:18)\n    at Promise._settlePromise0 (https://www.chick-fil-a.com/__cypress/runner/cypress_runner.js:11059:10)\n    at Promise._settlePromises (https://www.chick-fil-a.com/__cypress/runner/cypress_runner.js:11135:18)\n    at _drainQueueStep (https://www.chick-fil-a.com/__cypress/runner/cypress_runner.js:7729:12)\n    at _drainQueue (https://www.chick-fil-a.com/__cypress/runner/cypress_runner.js:7722:9)\n    at Async.../../node_modules/bluebird/js/release/async.js.Async._drainQueues (https://www.chick-fil-a.com/__cypress/runner/cypress_runner.js:7738:5)\n    at Async.drainQueues (https://www.chick-fil-a.com/__cypress/runner/cypress_runner.js:7608:14)\nFrom Your Spec Code:\n    at Context.eval (https://www.chick-fil-a.com/__cypress/tests?p=cypress/integration/NationalMenu.feature:175:10)\n    at Context.resolveAndRunStepDefinition (https://www.chick-fil-a.com/__cypress/tests?p=cypress/integration/NationalMenu.feature:10782:29)\n    at Context.eval (https://www.chick-fil-a.com/__cypress/tests?p=cypress/integration/NationalMenu.feature:10103:35)",
                "diff": null
              },
              "uuid": "597a0aad-9948-4931-a5bb-49d05c08dc83",
              "parentUUID": "92d51164-05ad-4455-a34f-71b71d965741",
              "isHook": false,
              "skipped": false
            }
          ],
          "suites": [],
          "passes": [],
          "failures": [
            "33996de5-f4b2-445a-8a6f-7f40061c04f0",
            "84dc2342-5d44-4445-98b7-7f7cd2832065",
            "50c174c6-3bcb-40ba-923e-8e5befe83dd6",
            "6d1be60f-dc34-4c29-8fc6-bc7c02bf07f4",
            "595cb90f-fb0f-47e1-aa2c-025db92ac1fb",
            "007ed647-27df-4014-9a68-f551d7161427",
            "597a0aad-9948-4931-a5bb-49d05c08dc83"
          ],
          "pending": [],
          "skipped": [],
          "duration": 9060,
          "root": false,
          "rootEmpty": false,
          "_timeout": 2000
        }
      ],
      "passes": [],
      "failures": [],
      "pending": [],
      "skipped": [],
      "duration": 0,
      "root": true,
      "rootEmpty": true,
      "_timeout": 2000
    }
  ],
  "meta": {
    "mocha": {
      "version": "7.0.1"
    },
    "mochawesome": {
      "options": {
        "quiet": false,
        "reportFilename": "mochawesome",
        "saveHtml": true,
        "saveJson": true,
        "consoleReporter": "spec",
        "useInlineDiffs": false,
        "code": true
      },
      "version": "7.1.3"
    },
    "marge": {
      "options": {
        "reportDir": "cypress/results",
        "overwrite": false,
        "html": true,
        "json": true
      },
      "version": "6.2.0"
    }
  }
}