{
  "stats": {
    "suites": 1,
    "tests": 17,
    "passes": 13,
    "pending": 4,
    "failures": 0,
    "start": "2022-09-30T19:53:00.196Z",
    "end": "2022-09-30T20:00:37.759Z",
    "duration": 457563,
    "testsRegistered": 17,
    "passPercent": 100,
    "pendingPercent": 23.52941176470588,
    "other": 0,
    "hasOther": false,
    "skipped": 4,
    "hasSkipped": true
  },
  "results": [
    {
      "uuid": "f46c833a-b57e-496d-bcc6-080719f582f4",
      "title": "",
      "fullFile": "cypress/integration/Locations.feature",
      "file": "cypress/integration/Locations.feature",
      "beforeHooks": [],
      "afterHooks": [],
      "tests": [],
      "suites": [
        {
          "uuid": "9e1597f9-0412-4df5-8d4a-a3a4417c98f1",
          "title": "Locations",
          "fullFile": "",
          "file": "",
          "beforeHooks": [],
          "afterHooks": [],
          "tests": [
            {
              "title": "Grand opening future location",
              "fullTitle": "Locations Grand opening future location",
              "timedOut": null,
              "duration": 161,
              "state": "pending",
              "speed": null,
              "pass": false,
              "fail": false,
              "pending": false,
              "context": null,
              "code": "// register this scenario with the cucumber data collector\n// but don't run it\n// Tell mocha this is a skipped test so it also shows correctly in Cypress\nconst state = window.testState;\ncy.then(() => state.onStartScenario(scenario, indexedSteps))\n  .then(() => state.onFinishScenario(scenario))\n  // eslint-disable-next-line func-names\n  .then(function () {\n    return this.skip();\n  });",
              "err": {},
              "uuid": "b98091bf-9632-4d8c-844a-495a7f0f3a46",
              "parentUUID": "9e1597f9-0412-4df5-8d4a-a3a4417c98f1",
              "isHook": false,
              "skipped": true
            },
            {
              "title": "No Results - No Matches Search",
              "fullTitle": "Locations No Results - No Matches Search",
              "timedOut": null,
              "duration": 20,
              "state": "pending",
              "speed": null,
              "pass": false,
              "fail": false,
              "pending": false,
              "context": null,
              "code": "// register this scenario with the cucumber data collector\n// but don't run it\n// Tell mocha this is a skipped test so it also shows correctly in Cypress\nconst state = window.testState;\ncy.then(() => state.onStartScenario(scenario, indexedSteps))\n  .then(() => state.onFinishScenario(scenario))\n  // eslint-disable-next-line func-names\n  .then(function () {\n    return this.skip();\n  });",
              "err": {},
              "uuid": "a7070cf1-ebdb-451d-ad9b-3a34beb0436c",
              "parentUUID": "9e1597f9-0412-4df5-8d4a-a3a4417c98f1",
              "isHook": false,
              "skipped": true
            },
            {
              "title": "Can view updated location page (example #1)",
              "fullTitle": "Locations Can view updated location page (example #1)",
              "timedOut": null,
              "duration": 76411,
              "state": "passed",
              "speed": "slow",
              "pass": true,
              "fail": false,
              "pending": false,
              "context": null,
              "code": "const state = window.testState;\nreturn cy\n  .then(() => state.onStartScenario(scenario, indexedSteps))\n  .then(() =>\n    resolveAndRunBeforeHooks.call(this, scenario.tags, state.feature.name)\n  )\n  .then(() =>\n    indexedSteps.forEach((step) =>\n      stepTest.call(this, state, step, rowData)\n    )\n  )\n  .then(() => state.onFinishScenario(scenario));",
              "err": {},
              "uuid": "ddf9f9fc-9fc1-4ee6-bc76-d797183856db",
              "parentUUID": "9e1597f9-0412-4df5-8d4a-a3a4417c98f1",
              "isHook": false,
              "skipped": false
            },
            {
              "title": "Can view updated location page (example #2)",
              "fullTitle": "Locations Can view updated location page (example #2)",
              "timedOut": null,
              "duration": 23252,
              "state": "passed",
              "speed": "slow",
              "pass": true,
              "fail": false,
              "pending": false,
              "context": null,
              "code": "const state = window.testState;\nreturn cy\n  .then(() => state.onStartScenario(scenario, indexedSteps))\n  .then(() =>\n    resolveAndRunBeforeHooks.call(this, scenario.tags, state.feature.name)\n  )\n  .then(() =>\n    indexedSteps.forEach((step) =>\n      stepTest.call(this, state, step, rowData)\n    )\n  )\n  .then(() => state.onFinishScenario(scenario));",
              "err": {},
              "uuid": "69932542-b4b3-4b4a-88f7-2769bee23bc1",
              "parentUUID": "9e1597f9-0412-4df5-8d4a-a3a4417c98f1",
              "isHook": false,
              "skipped": false
            },
            {
              "title": "Can view location menu (example #1)",
              "fullTitle": "Locations Can view location menu (example #1)",
              "timedOut": null,
              "duration": 79690,
              "state": "passed",
              "speed": "slow",
              "pass": true,
              "fail": false,
              "pending": false,
              "context": null,
              "code": "const state = window.testState;\nreturn cy\n  .then(() => state.onStartScenario(scenario, indexedSteps))\n  .then(() =>\n    resolveAndRunBeforeHooks.call(this, scenario.tags, state.feature.name)\n  )\n  .then(() =>\n    indexedSteps.forEach((step) =>\n      stepTest.call(this, state, step, rowData)\n    )\n  )\n  .then(() => state.onFinishScenario(scenario));",
              "err": {},
              "uuid": "09fffaf4-e75a-41bf-87d5-28b2fed3c46d",
              "parentUUID": "9e1597f9-0412-4df5-8d4a-a3a4417c98f1",
              "isHook": false,
              "skipped": false
            },
            {
              "title": "Can view location menu (example #2)",
              "fullTitle": "Locations Can view location menu (example #2)",
              "timedOut": null,
              "duration": 43759,
              "state": "passed",
              "speed": "slow",
              "pass": true,
              "fail": false,
              "pending": false,
              "context": null,
              "code": "const state = window.testState;\nreturn cy\n  .then(() => state.onStartScenario(scenario, indexedSteps))\n  .then(() =>\n    resolveAndRunBeforeHooks.call(this, scenario.tags, state.feature.name)\n  )\n  .then(() =>\n    indexedSteps.forEach((step) =>\n      stepTest.call(this, state, step, rowData)\n    )\n  )\n  .then(() => state.onFinishScenario(scenario));",
              "err": {},
              "uuid": "e6a438af-83a8-4b1e-ba92-575003a1f4bd",
              "parentUUID": "9e1597f9-0412-4df5-8d4a-a3a4417c98f1",
              "isHook": false,
              "skipped": false
            },
            {
              "title": "Order pickup navigates to PWO",
              "fullTitle": "Locations Order pickup navigates to PWO",
              "timedOut": null,
              "duration": 50770,
              "state": "passed",
              "speed": "slow",
              "pass": true,
              "fail": false,
              "pending": false,
              "context": null,
              "code": "const state = window.testState;\nreturn cy\n  .then(() => state.onStartScenario(scenario, indexedSteps))\n  .then(() =>\n    resolveAndRunBeforeHooks.call(this, scenario.tags, state.feature.name)\n  )\n  .then(() =>\n    indexedSteps.forEach((step) =>\n      stepTest.call(this, state, step, rowData)\n    )\n  )\n  .then(() => state.onFinishScenario(scenario));",
              "err": {},
              "uuid": "6b581b38-6cf8-4264-9302-cfb12dd5dfcd",
              "parentUUID": "9e1597f9-0412-4df5-8d4a-a3a4417c98f1",
              "isHook": false,
              "skipped": false
            },
            {
              "title": "Find a restaurant - no input search",
              "fullTitle": "Locations Find a restaurant - no input search",
              "timedOut": null,
              "duration": 88,
              "state": "pending",
              "speed": null,
              "pass": false,
              "fail": false,
              "pending": false,
              "context": null,
              "code": "// register this scenario with the cucumber data collector\n// but don't run it\n// Tell mocha this is a skipped test so it also shows correctly in Cypress\nconst state = window.testState;\ncy.then(() => state.onStartScenario(scenario, indexedSteps))\n  .then(() => state.onFinishScenario(scenario))\n  // eslint-disable-next-line func-names\n  .then(function () {\n    return this.skip();\n  });",
              "err": {},
              "uuid": "cb073d59-6b14-4e82-8209-39ab6b030a0a",
              "parentUUID": "9e1597f9-0412-4df5-8d4a-a3a4417c98f1",
              "isHook": false,
              "skipped": true
            },
            {
              "title": "Locations - Limited Results Filter",
              "fullTitle": "Locations Locations - Limited Results Filter",
              "timedOut": null,
              "duration": 15,
              "state": "pending",
              "speed": null,
              "pass": false,
              "fail": false,
              "pending": false,
              "context": null,
              "code": "// register this scenario with the cucumber data collector\n// but don't run it\n// Tell mocha this is a skipped test so it also shows correctly in Cypress\nconst state = window.testState;\ncy.then(() => state.onStartScenario(scenario, indexedSteps))\n  .then(() => state.onFinishScenario(scenario))\n  // eslint-disable-next-line func-names\n  .then(function () {\n    return this.skip();\n  });",
              "err": {},
              "uuid": "4c210abe-425e-4447-8f4c-12f83e11e796",
              "parentUUID": "9e1597f9-0412-4df5-8d4a-a3a4417c98f1",
              "isHook": false,
              "skipped": true
            },
            {
              "title": "Locations - click on Location link  - check location details (example #1)",
              "fullTitle": "Locations Locations - click on Location link  - check location details (example #1)",
              "timedOut": null,
              "duration": 25115,
              "state": "passed",
              "speed": "slow",
              "pass": true,
              "fail": false,
              "pending": false,
              "context": null,
              "code": "const state = window.testState;\nreturn cy\n  .then(() => state.onStartScenario(scenario, indexedSteps))\n  .then(() =>\n    resolveAndRunBeforeHooks.call(this, scenario.tags, state.feature.name)\n  )\n  .then(() =>\n    indexedSteps.forEach((step) =>\n      stepTest.call(this, state, step, rowData)\n    )\n  )\n  .then(() => state.onFinishScenario(scenario));",
              "err": {},
              "uuid": "134f5691-8711-4184-a437-c72b537d9939",
              "parentUUID": "9e1597f9-0412-4df5-8d4a-a3a4417c98f1",
              "isHook": false,
              "skipped": false
            },
            {
              "title": "Locations - click on Location link  - check location details (example #2)",
              "fullTitle": "Locations Locations - click on Location link  - check location details (example #2)",
              "timedOut": null,
              "duration": 24689,
              "state": "passed",
              "speed": "slow",
              "pass": true,
              "fail": false,
              "pending": false,
              "context": null,
              "code": "const state = window.testState;\nreturn cy\n  .then(() => state.onStartScenario(scenario, indexedSteps))\n  .then(() =>\n    resolveAndRunBeforeHooks.call(this, scenario.tags, state.feature.name)\n  )\n  .then(() =>\n    indexedSteps.forEach((step) =>\n      stepTest.call(this, state, step, rowData)\n    )\n  )\n  .then(() => state.onFinishScenario(scenario));",
              "err": {},
              "uuid": "4ecc2143-d8b1-4515-8df0-777fd43623a3",
              "parentUUID": "9e1597f9-0412-4df5-8d4a-a3a4417c98f1",
              "isHook": false,
              "skipped": false
            },
            {
              "title": "Locations - click on Location link  - check location details (example #3)",
              "fullTitle": "Locations Locations - click on Location link  - check location details (example #3)",
              "timedOut": null,
              "duration": 19917,
              "state": "passed",
              "speed": "slow",
              "pass": true,
              "fail": false,
              "pending": false,
              "context": null,
              "code": "const state = window.testState;\nreturn cy\n  .then(() => state.onStartScenario(scenario, indexedSteps))\n  .then(() =>\n    resolveAndRunBeforeHooks.call(this, scenario.tags, state.feature.name)\n  )\n  .then(() =>\n    indexedSteps.forEach((step) =>\n      stepTest.call(this, state, step, rowData)\n    )\n  )\n  .then(() => state.onFinishScenario(scenario));",
              "err": {},
              "uuid": "d531d186-d14d-4d97-b417-428f1f17185c",
              "parentUUID": "9e1597f9-0412-4df5-8d4a-a3a4417c98f1",
              "isHook": false,
              "skipped": false
            },
            {
              "title": "Locations - click on Location link  - check location details (example #4)",
              "fullTitle": "Locations Locations - click on Location link  - check location details (example #4)",
              "timedOut": null,
              "duration": 33910,
              "state": "passed",
              "speed": "slow",
              "pass": true,
              "fail": false,
              "pending": false,
              "context": null,
              "code": "const state = window.testState;\nreturn cy\n  .then(() => state.onStartScenario(scenario, indexedSteps))\n  .then(() =>\n    resolveAndRunBeforeHooks.call(this, scenario.tags, state.feature.name)\n  )\n  .then(() =>\n    indexedSteps.forEach((step) =>\n      stepTest.call(this, state, step, rowData)\n    )\n  )\n  .then(() => state.onFinishScenario(scenario));",
              "err": {},
              "uuid": "8101dd4d-0873-43ff-ae8a-58ef7824e53e",
              "parentUUID": "9e1597f9-0412-4df5-8d4a-a3a4417c98f1",
              "isHook": false,
              "skipped": false
            },
            {
              "title": "Locations - Click on View Detail - check location details (example #1)",
              "fullTitle": "Locations Locations - Click on View Detail - check location details (example #1)",
              "timedOut": null,
              "duration": 26640,
              "state": "passed",
              "speed": "slow",
              "pass": true,
              "fail": false,
              "pending": false,
              "context": null,
              "code": "const state = window.testState;\nreturn cy\n  .then(() => state.onStartScenario(scenario, indexedSteps))\n  .then(() =>\n    resolveAndRunBeforeHooks.call(this, scenario.tags, state.feature.name)\n  )\n  .then(() =>\n    indexedSteps.forEach((step) =>\n      stepTest.call(this, state, step, rowData)\n    )\n  )\n  .then(() => state.onFinishScenario(scenario));",
              "err": {},
              "uuid": "b867185e-7c15-4423-87fb-bdc5e7446344",
              "parentUUID": "9e1597f9-0412-4df5-8d4a-a3a4417c98f1",
              "isHook": false,
              "skipped": false
            },
            {
              "title": "Locations - Click on View Detail - check location details (example #2)",
              "fullTitle": "Locations Locations - Click on View Detail - check location details (example #2)",
              "timedOut": null,
              "duration": 19858,
              "state": "passed",
              "speed": "slow",
              "pass": true,
              "fail": false,
              "pending": false,
              "context": null,
              "code": "const state = window.testState;\nreturn cy\n  .then(() => state.onStartScenario(scenario, indexedSteps))\n  .then(() =>\n    resolveAndRunBeforeHooks.call(this, scenario.tags, state.feature.name)\n  )\n  .then(() =>\n    indexedSteps.forEach((step) =>\n      stepTest.call(this, state, step, rowData)\n    )\n  )\n  .then(() => state.onFinishScenario(scenario));",
              "err": {},
              "uuid": "942eaefb-e385-4bc3-b7b8-c8988554f9a2",
              "parentUUID": "9e1597f9-0412-4df5-8d4a-a3a4417c98f1",
              "isHook": false,
              "skipped": false
            },
            {
              "title": "Locations - Click on View Detail - check location details (example #3)",
              "fullTitle": "Locations Locations - Click on View Detail - check location details (example #3)",
              "timedOut": null,
              "duration": 15830,
              "state": "passed",
              "speed": "slow",
              "pass": true,
              "fail": false,
              "pending": false,
              "context": null,
              "code": "const state = window.testState;\nreturn cy\n  .then(() => state.onStartScenario(scenario, indexedSteps))\n  .then(() =>\n    resolveAndRunBeforeHooks.call(this, scenario.tags, state.feature.name)\n  )\n  .then(() =>\n    indexedSteps.forEach((step) =>\n      stepTest.call(this, state, step, rowData)\n    )\n  )\n  .then(() => state.onFinishScenario(scenario));",
              "err": {},
              "uuid": "3193e7a4-cb2b-42f5-a9f0-dc6625e5e19f",
              "parentUUID": "9e1597f9-0412-4df5-8d4a-a3a4417c98f1",
              "isHook": false,
              "skipped": false
            },
            {
              "title": "Locations - Click on View Detail - check location details (example #4)",
              "fullTitle": "Locations Locations - Click on View Detail - check location details (example #4)",
              "timedOut": null,
              "duration": 15709,
              "state": "passed",
              "speed": "slow",
              "pass": true,
              "fail": false,
              "pending": false,
              "context": null,
              "code": "const state = window.testState;\nreturn cy\n  .then(() => state.onStartScenario(scenario, indexedSteps))\n  .then(() =>\n    resolveAndRunBeforeHooks.call(this, scenario.tags, state.feature.name)\n  )\n  .then(() =>\n    indexedSteps.forEach((step) =>\n      stepTest.call(this, state, step, rowData)\n    )\n  )\n  .then(() => state.onFinishScenario(scenario));",
              "err": {},
              "uuid": "8f2e70fa-286f-4c97-80bd-ded4601297bf",
              "parentUUID": "9e1597f9-0412-4df5-8d4a-a3a4417c98f1",
              "isHook": false,
              "skipped": false
            }
          ],
          "suites": [],
          "passes": [
            "ddf9f9fc-9fc1-4ee6-bc76-d797183856db",
            "69932542-b4b3-4b4a-88f7-2769bee23bc1",
            "09fffaf4-e75a-41bf-87d5-28b2fed3c46d",
            "e6a438af-83a8-4b1e-ba92-575003a1f4bd",
            "6b581b38-6cf8-4264-9302-cfb12dd5dfcd",
            "134f5691-8711-4184-a437-c72b537d9939",
            "4ecc2143-d8b1-4515-8df0-777fd43623a3",
            "d531d186-d14d-4d97-b417-428f1f17185c",
            "8101dd4d-0873-43ff-ae8a-58ef7824e53e",
            "b867185e-7c15-4423-87fb-bdc5e7446344",
            "942eaefb-e385-4bc3-b7b8-c8988554f9a2",
            "3193e7a4-cb2b-42f5-a9f0-dc6625e5e19f",
            "8f2e70fa-286f-4c97-80bd-ded4601297bf"
          ],
          "failures": [],
          "pending": [],
          "skipped": [
            "b98091bf-9632-4d8c-844a-495a7f0f3a46",
            "a7070cf1-ebdb-451d-ad9b-3a34beb0436c",
            "cb073d59-6b14-4e82-8209-39ab6b030a0a",
            "4c210abe-425e-4447-8f4c-12f83e11e796"
          ],
          "duration": 455834,
          "root": false,
          "rootEmpty": false,
          "_timeout": 2000
        }
      ],
      "passes": [],
      "failures": [],
      "pending": [],
      "skipped": [],
      "duration": 0,
      "root": true,
      "rootEmpty": true,
      "_timeout": 2000
    }
  ],
  "meta": {
    "mocha": {
      "version": "7.0.1"
    },
    "mochawesome": {
      "options": {
        "quiet": false,
        "reportFilename": "mochawesome",
        "saveHtml": true,
        "saveJson": true,
        "consoleReporter": "spec",
        "useInlineDiffs": false,
        "code": true
      },
      "version": "7.1.3"
    },
    "marge": {
      "options": {
        "reportDir": "cypress/results",
        "overwrite": false,
        "html": true,
        "json": true
      },
      "version": "6.2.0"
    }
  }
}