{
  "stats": {
    "suites": 1,
    "tests": 5,
    "passes": 2,
    "pending": 0,
    "failures": 3,
    "start": "2022-09-30T18:11:23.917Z",
    "end": "2022-09-30T18:20:49.721Z",
    "duration": 565804,
    "testsRegistered": 5,
    "passPercent": 40,
    "pendingPercent": 0,
    "other": 0,
    "hasOther": false,
    "skipped": 0,
    "hasSkipped": false
  },
  "results": [
    {
      "uuid": "7b65c9ab-e30a-4302-9195-aebfaf3752c5",
      "title": "",
      "fullFile": "cypress/integration/LocalMenu.feature",
      "file": "cypress/integration/LocalMenu.feature",
      "beforeHooks": [],
      "afterHooks": [],
      "tests": [],
      "suites": [
        {
          "uuid": "ec8cf549-c578-45f7-942f-e60100d81e28",
          "title": "Local Menu",
          "fullFile": "",
          "file": "",
          "beforeHooks": [],
          "afterHooks": [],
          "tests": [
            {
              "title": "selecting orderpickup on Locations Item details page navigates to PWO",
              "fullTitle": "Local Menu selecting orderpickup on Locations Item details page navigates to PWO",
              "timedOut": null,
              "duration": 79535,
              "state": "passed",
              "speed": "slow",
              "pass": true,
              "fail": false,
              "pending": false,
              "context": null,
              "code": "const state = window.testState;\nreturn cy\n  .then(() => state.onStartScenario(scenario, indexedSteps))\n  .then(() =>\n    resolveAndRunBeforeHooks.call(this, scenario.tags, state.feature.name)\n  )\n  .then(() =>\n    indexedSteps.forEach((step) =>\n      stepTest.call(this, state, step, rowData)\n    )\n  )\n  .then(() => state.onFinishScenario(scenario));",
              "err": {},
              "uuid": "1d1734d0-34d5-492a-aed5-c6828dbc1b51",
              "parentUUID": "ec8cf549-c578-45f7-942f-e60100d81e28",
              "isHook": false,
              "skipped": false
            },
            {
              "title": "selecting Delivery on Locations Item details page navigates to PWO",
              "fullTitle": "Local Menu selecting Delivery on Locations Item details page navigates to PWO",
              "timedOut": null,
              "duration": 25113,
              "state": "passed",
              "speed": "slow",
              "pass": true,
              "fail": false,
              "pending": false,
              "context": null,
              "code": "const state = window.testState;\nreturn cy\n  .then(() => state.onStartScenario(scenario, indexedSteps))\n  .then(() =>\n    resolveAndRunBeforeHooks.call(this, scenario.tags, state.feature.name)\n  )\n  .then(() =>\n    indexedSteps.forEach((step) =>\n      stepTest.call(this, state, step, rowData)\n    )\n  )\n  .then(() => state.onFinishScenario(scenario));",
              "err": {},
              "uuid": "e889142e-db99-4435-b72b-e876d4916bce",
              "parentUUID": "ec8cf549-c578-45f7-942f-e60100d81e28",
              "isHook": false,
              "skipped": false
            },
            {
              "title": "selecting orderpickup navigates to PWO",
              "fullTitle": "Local Menu selecting orderpickup navigates to PWO",
              "timedOut": null,
              "duration": 12479,
              "state": "failed",
              "speed": null,
              "pass": false,
              "fail": true,
              "pending": false,
              "context": null,
              "code": "const state = window.testState;\nreturn cy\n  .then(() => state.onStartScenario(scenario, indexedSteps))\n  .then(() =>\n    resolveAndRunBeforeHooks.call(this, scenario.tags, state.feature.name)\n  )\n  .then(() =>\n    indexedSteps.forEach((step) =>\n      stepTest.call(this, state, step, rowData)\n    )\n  )\n  .then(() => state.onFinishScenario(scenario));",
              "err": {
                "message": "TypeError: The following error originated from your application code, not from Cypress.\n\n  > i.find is not a function\n\nWhen Cypress detects uncaught errors originating from your application it will automatically fail the current test.\n\nThis behavior is configurable, and you can choose to turn this off by listening to the `uncaught:exception` event.\n\nhttps://on.cypress.io/uncaught-exception-from-application",
                "estack": "TypeError: The following error originated from your application code, not from Cypress.\n\n  > i.find is not a function\n\nWhen Cypress detects uncaught errors originating from your application it will automatically fail the current test.\n\nThis behavior is configurable, and you can choose to turn this off by listening to the `uncaught:exception` event.\n\nhttps://on.cypress.io/uncaught-exception-from-application\n    at k.fn.init.<anonymous> (https://d2wl1kt18tqdum.cloudfront.net/v2.1.2263-stageb/Assets/Theming/js/vendor-js.js:1:99808)\n    at Function.each (https://code.jquery.com/jquery-3.4.1.min.js:2:2827)\n    at t._parseMarkup (https://d2wl1kt18tqdum.cloudfront.net/v2.1.2263-stageb/Assets/Theming/js/vendor-js.js:1:99715)\n    at t.getInline (https://d2wl1kt18tqdum.cloudfront.net/v2.1.2263-stageb/Assets/Theming/js/vendor-js.js:1:102047)\n    at t.updateItemHTML (https://d2wl1kt18tqdum.cloudfront.net/v2.1.2263-stageb/Assets/Theming/js/vendor-js.js:1:97109)\n    at t.open (https://d2wl1kt18tqdum.cloudfront.net/v2.1.2263-stageb/Assets/Theming/js/vendor-js.js:1:95199)\n    at t._openClick (https://d2wl1kt18tqdum.cloudfront.net/v2.1.2263-stageb/Assets/Theming/js/vendor-js.js:1:98534)\n    at HTMLAnchorElement.t (https://d2wl1kt18tqdum.cloudfront.net/v2.1.2263-stageb/Assets/Theming/js/vendor-js.js:1:97937)\n    at HTMLAnchorElement.dispatch (https://code.jquery.com/jquery-3.4.1.min.js:2:42571)\n    at HTMLAnchorElement.v.handle (https://code.jquery.com/jquery-3.4.1.min.js:2:40572)",
                "diff": null
              },
              "uuid": "b9f4c05a-bbc8-48b7-af18-6db8130460ba",
              "parentUUID": "ec8cf549-c578-45f7-942f-e60100d81e28",
              "isHook": false,
              "skipped": false
            },
            {
              "title": "selecting order Delivery navigates to Delivery",
              "fullTitle": "Local Menu selecting order Delivery navigates to Delivery",
              "timedOut": null,
              "duration": 23783,
              "state": "failed",
              "speed": null,
              "pass": false,
              "fail": true,
              "pending": false,
              "context": null,
              "code": "const state = window.testState;\nreturn cy\n  .then(() => state.onStartScenario(scenario, indexedSteps))\n  .then(() =>\n    resolveAndRunBeforeHooks.call(this, scenario.tags, state.feature.name)\n  )\n  .then(() =>\n    indexedSteps.forEach((step) =>\n      stepTest.call(this, state, step, rowData)\n    )\n  )\n  .then(() => state.onFinishScenario(scenario));",
              "err": {
                "message": "TypeError: The following error originated from your application code, not from Cypress.\n\n  > i.find is not a function\n\nWhen Cypress detects uncaught errors originating from your application it will automatically fail the current test.\n\nThis behavior is configurable, and you can choose to turn this off by listening to the `uncaught:exception` event.\n\nhttps://on.cypress.io/uncaught-exception-from-application",
                "estack": "TypeError: The following error originated from your application code, not from Cypress.\n\n  > i.find is not a function\n\nWhen Cypress detects uncaught errors originating from your application it will automatically fail the current test.\n\nThis behavior is configurable, and you can choose to turn this off by listening to the `uncaught:exception` event.\n\nhttps://on.cypress.io/uncaught-exception-from-application\n    at k.fn.init.<anonymous> (https://d2wl1kt18tqdum.cloudfront.net/v2.1.2263-stageb/Assets/Theming/js/vendor-js.js:1:99808)\n    at Function.each (https://code.jquery.com/jquery-3.4.1.min.js:2:2827)\n    at t._parseMarkup (https://d2wl1kt18tqdum.cloudfront.net/v2.1.2263-stageb/Assets/Theming/js/vendor-js.js:1:99715)\n    at t.getInline (https://d2wl1kt18tqdum.cloudfront.net/v2.1.2263-stageb/Assets/Theming/js/vendor-js.js:1:102047)\n    at t.updateItemHTML (https://d2wl1kt18tqdum.cloudfront.net/v2.1.2263-stageb/Assets/Theming/js/vendor-js.js:1:97109)\n    at t.open (https://d2wl1kt18tqdum.cloudfront.net/v2.1.2263-stageb/Assets/Theming/js/vendor-js.js:1:95199)\n    at t._openClick (https://d2wl1kt18tqdum.cloudfront.net/v2.1.2263-stageb/Assets/Theming/js/vendor-js.js:1:98534)\n    at HTMLAnchorElement.t (https://d2wl1kt18tqdum.cloudfront.net/v2.1.2263-stageb/Assets/Theming/js/vendor-js.js:1:97937)\n    at HTMLAnchorElement.dispatch (https://code.jquery.com/jquery-3.4.1.min.js:2:42571)\n    at HTMLAnchorElement.v.handle (https://code.jquery.com/jquery-3.4.1.min.js:2:40572)",
                "diff": null
              },
              "uuid": "3190225e-8ee9-4975-8bea-8cd8b1d86e3f",
              "parentUUID": "ec8cf549-c578-45f7-942f-e60100d81e28",
              "isHook": false,
              "skipped": false
            },
            {
              "title": "Clicking on sub sections of Local Menu shows corresponding items",
              "fullTitle": "Local Menu Clicking on sub sections of Local Menu shows corresponding items",
              "timedOut": null,
              "duration": 151372,
              "state": "failed",
              "speed": null,
              "pass": false,
              "fail": true,
              "pending": false,
              "context": null,
              "code": "const state = window.testState;\nreturn cy\n  .then(() => state.onStartScenario(scenario, indexedSteps))\n  .then(() =>\n    resolveAndRunBeforeHooks.call(this, scenario.tags, state.feature.name)\n  )\n  .then(() =>\n    indexedSteps.forEach((step) =>\n      stepTest.call(this, state, step, rowData)\n    )\n  )\n  .then(() => state.onFinishScenario(scenario));",
              "err": {
                "message": "AssertionError: Timed out retrying after 60000ms: Expected to find element: `[alt=\"Chick-fil-A® Nuggets Kid's Meal\"]`, but never found it.",
                "estack": "AssertionError: Timed out retrying after 60000ms: Expected to find element: `[alt=\"Chick-fil-A® Nuggets Kid's Meal\"]`, but never found it.\n    at eval (https://www.chick-fil-a.com/__cypress/tests?p=cypress/integration/LocalMenu.feature:124:47)\nat Array.forEach (<anonymous>)\n    at Context.eval (https://www.chick-fil-a.com/__cypress/tests?p=cypress/integration/LocalMenu.feature:122:22)\n    at Context.resolveAndRunStepDefinition (https://www.chick-fil-a.com/__cypress/tests?p=cypress/integration/LocalMenu.feature:11009:29)\n    at Context.eval (https://www.chick-fil-a.com/__cypress/tests?p=cypress/integration/LocalMenu.feature:10330:35)",
                "diff": null
              },
              "uuid": "3815df8d-e65a-4765-8df7-356d2893ebf7",
              "parentUUID": "ec8cf549-c578-45f7-942f-e60100d81e28",
              "isHook": false,
              "skipped": false
            }
          ],
          "suites": [],
          "passes": [
            "1d1734d0-34d5-492a-aed5-c6828dbc1b51",
            "e889142e-db99-4435-b72b-e876d4916bce"
          ],
          "failures": [
            "b9f4c05a-bbc8-48b7-af18-6db8130460ba",
            "3190225e-8ee9-4975-8bea-8cd8b1d86e3f",
            "3815df8d-e65a-4765-8df7-356d2893ebf7"
          ],
          "pending": [],
          "skipped": [],
          "duration": 292282,
          "root": false,
          "rootEmpty": false,
          "_timeout": 2000
        }
      ],
      "passes": [],
      "failures": [],
      "pending": [],
      "skipped": [],
      "duration": 0,
      "root": true,
      "rootEmpty": true,
      "_timeout": 2000
    }
  ],
  "meta": {
    "mocha": {
      "version": "7.0.1"
    },
    "mochawesome": {
      "options": {
        "quiet": false,
        "reportFilename": "mochawesome",
        "saveHtml": true,
        "saveJson": true,
        "consoleReporter": "spec",
        "useInlineDiffs": false,
        "code": true
      },
      "version": "7.1.3"
    },
    "marge": {
      "options": {
        "reportDir": "cypress/results",
        "overwrite": false,
        "html": true,
        "json": true
      },
      "version": "6.2.0"
    }
  }
}