{
  "stats": {
    "suites": 1,
    "tests": 10,
    "passes": 9,
    "pending": 0,
    "failures": 1,
    "start": "2022-09-30T20:04:39.771Z",
    "end": "2022-09-30T20:12:18.727Z",
    "duration": 458956,
    "testsRegistered": 10,
    "passPercent": 90,
    "pendingPercent": 0,
    "other": 0,
    "hasOther": false,
    "skipped": 0,
    "hasSkipped": false
  },
  "results": [
    {
      "uuid": "a287a07f-879c-43d1-a923-4c1c37dad336",
      "title": "",
      "fullFile": "cypress/integration/Stories.feature",
      "file": "cypress/integration/Stories.feature",
      "beforeHooks": [],
      "afterHooks": [],
      "tests": [],
      "suites": [
        {
          "uuid": "abf1b576-4112-47ac-b671-397610cdf8c2",
          "title": "Stories",
          "fullFile": "",
          "file": "",
          "beforeHooks": [],
          "afterHooks": [],
          "tests": [
            {
              "title": "Click on the sub sections of stories and check the navigation",
              "fullTitle": "Stories Click on the sub sections of stories and check the navigation",
              "timedOut": null,
              "duration": 87409,
              "state": "passed",
              "speed": "slow",
              "pass": true,
              "fail": false,
              "pending": false,
              "context": null,
              "code": "const state = window.testState;\nreturn cy\n  .then(() => state.onStartScenario(scenario, indexedSteps))\n  .then(() =>\n    resolveAndRunBeforeHooks.call(this, scenario.tags, state.feature.name)\n  )\n  .then(() =>\n    indexedSteps.forEach((step) =>\n      stepTest.call(this, state, step, rowData)\n    )\n  )\n  .then(() => state.onFinishScenario(scenario));",
              "err": {},
              "uuid": "916d0237-37e4-442b-b324-505f4d212ca6",
              "parentUUID": "abf1b576-4112-47ac-b671-397610cdf8c2",
              "isHook": false,
              "skipped": false
            },
            {
              "title": "Check the slide content on the Main stories page",
              "fullTitle": "Stories Check the slide content on the Main stories page",
              "timedOut": null,
              "duration": 2749,
              "state": "passed",
              "speed": "fast",
              "pass": true,
              "fail": false,
              "pending": false,
              "context": null,
              "code": "const state = window.testState;\nreturn cy\n  .then(() => state.onStartScenario(scenario, indexedSteps))\n  .then(() =>\n    resolveAndRunBeforeHooks.call(this, scenario.tags, state.feature.name)\n  )\n  .then(() =>\n    indexedSteps.forEach((step) =>\n      stepTest.call(this, state, step, rowData)\n    )\n  )\n  .then(() => state.onFinishScenario(scenario));",
              "err": {},
              "uuid": "041940a9-ce76-45b8-965f-268515cd5ff0",
              "parentUUID": "abf1b576-4112-47ac-b671-397610cdf8c2",
              "isHook": false,
              "skipped": false
            },
            {
              "title": "click on Load More button on stories page and check for new stories loaded",
              "fullTitle": "Stories click on Load More button on stories page and check for new stories loaded",
              "timedOut": null,
              "duration": 65981,
              "state": "failed",
              "speed": null,
              "pass": false,
              "fail": true,
              "pending": false,
              "context": null,
              "code": "const state = window.testState;\nreturn cy\n  .then(() => state.onStartScenario(scenario, indexedSteps))\n  .then(() =>\n    resolveAndRunBeforeHooks.call(this, scenario.tags, state.feature.name)\n  )\n  .then(() =>\n    indexedSteps.forEach((step) =>\n      stepTest.call(this, state, step, rowData)\n    )\n  )\n  .then(() => state.onFinishScenario(scenario));",
              "err": {
                "message": "AssertionError: Timed out retrying after 60000ms: Expected to find element: `:nth-child(5) > .flex > .cfa-stories`, but never found it.",
                "estack": "AssertionError: Timed out retrying after 60000ms: Expected to find element: `:nth-child(5) > .flex > .cfa-stories`, but never found it.\n    at Context.eval (https://www.chick-fil-a.com/__cypress/tests?p=cypress/integration/Stories.feature:116:6)\n    at Context.resolveAndRunStepDefinition (https://www.chick-fil-a.com/__cypress/tests?p=cypress/integration/Stories.feature:10623:29)\n    at Context.eval (https://www.chick-fil-a.com/__cypress/tests?p=cypress/integration/Stories.feature:9944:35)",
                "diff": null
              },
              "uuid": "ddc8f2ea-56fc-4cfe-bb27-28ddbb801c39",
              "parentUUID": "abf1b576-4112-47ac-b671-397610cdf8c2",
              "isHook": false,
              "skipped": false
            },
            {
              "title": "click on Load More button on stories page and check for Load more button again",
              "fullTitle": "Stories click on Load More button on stories page and check for Load more button again",
              "timedOut": null,
              "duration": 9388,
              "state": "passed",
              "speed": "medium",
              "pass": true,
              "fail": false,
              "pending": false,
              "context": null,
              "code": "const state = window.testState;\nreturn cy\n  .then(() => state.onStartScenario(scenario, indexedSteps))\n  .then(() =>\n    resolveAndRunBeforeHooks.call(this, scenario.tags, state.feature.name)\n  )\n  .then(() =>\n    indexedSteps.forEach((step) =>\n      stepTest.call(this, state, step, rowData)\n    )\n  )\n  .then(() => state.onFinishScenario(scenario));",
              "err": {},
              "uuid": "f8a05a2c-bb59-4333-9ee3-2b0393e55021",
              "parentUUID": "abf1b576-4112-47ac-b671-397610cdf8c2",
              "isHook": false,
              "skipped": false
            },
            {
              "title": "Check for Lets be friends and Social Media Icons on Stories page",
              "fullTitle": "Stories Check for Lets be friends and Social Media Icons on Stories page",
              "timedOut": null,
              "duration": 3289,
              "state": "passed",
              "speed": "fast",
              "pass": true,
              "fail": false,
              "pending": false,
              "context": null,
              "code": "const state = window.testState;\nreturn cy\n  .then(() => state.onStartScenario(scenario, indexedSteps))\n  .then(() =>\n    resolveAndRunBeforeHooks.call(this, scenario.tags, state.feature.name)\n  )\n  .then(() =>\n    indexedSteps.forEach((step) =>\n      stepTest.call(this, state, step, rowData)\n    )\n  )\n  .then(() => state.onFinishScenario(scenario));",
              "err": {},
              "uuid": "f281f488-6b08-481b-a58a-84a5c9d0364c",
              "parentUUID": "abf1b576-4112-47ac-b671-397610cdf8c2",
              "isHook": false,
              "skipped": false
            },
            {
              "title": "Open a new story and check for related stories",
              "fullTitle": "Stories Open a new story and check for related stories",
              "timedOut": null,
              "duration": 14350,
              "state": "passed",
              "speed": "slow",
              "pass": true,
              "fail": false,
              "pending": false,
              "context": null,
              "code": "const state = window.testState;\nreturn cy\n  .then(() => state.onStartScenario(scenario, indexedSteps))\n  .then(() =>\n    resolveAndRunBeforeHooks.call(this, scenario.tags, state.feature.name)\n  )\n  .then(() =>\n    indexedSteps.forEach((step) =>\n      stepTest.call(this, state, step, rowData)\n    )\n  )\n  .then(() => state.onFinishScenario(scenario));",
              "err": {},
              "uuid": "07ec61c1-995f-4933-bac0-cdca3a32223e",
              "parentUUID": "abf1b576-4112-47ac-b671-397610cdf8c2",
              "isHook": false,
              "skipped": false
            },
            {
              "title": "Verify stories links in Food section and check if they can be shared in social media",
              "fullTitle": "Stories Verify stories links in Food section and check if they can be shared in social media",
              "timedOut": null,
              "duration": 14074,
              "state": "passed",
              "speed": "slow",
              "pass": true,
              "fail": false,
              "pending": false,
              "context": null,
              "code": "const state = window.testState;\nreturn cy\n  .then(() => state.onStartScenario(scenario, indexedSteps))\n  .then(() =>\n    resolveAndRunBeforeHooks.call(this, scenario.tags, state.feature.name)\n  )\n  .then(() =>\n    indexedSteps.forEach((step) =>\n      stepTest.call(this, state, step, rowData)\n    )\n  )\n  .then(() => state.onFinishScenario(scenario));",
              "err": {},
              "uuid": "548be3d1-2502-4d74-81e1-918df695107e",
              "parentUUID": "abf1b576-4112-47ac-b671-397610cdf8c2",
              "isHook": false,
              "skipped": false
            },
            {
              "title": "check Lifesytle section",
              "fullTitle": "Stories check Lifesytle section",
              "timedOut": null,
              "duration": 48176,
              "state": "passed",
              "speed": "slow",
              "pass": true,
              "fail": false,
              "pending": false,
              "context": null,
              "code": "const state = window.testState;\nreturn cy\n  .then(() => state.onStartScenario(scenario, indexedSteps))\n  .then(() =>\n    resolveAndRunBeforeHooks.call(this, scenario.tags, state.feature.name)\n  )\n  .then(() =>\n    indexedSteps.forEach((step) =>\n      stepTest.call(this, state, step, rowData)\n    )\n  )\n  .then(() => state.onFinishScenario(scenario));",
              "err": {},
              "uuid": "f7f1a494-98f2-4d90-bdee-b2fda7905a0f",
              "parentUUID": "abf1b576-4112-47ac-b671-397610cdf8c2",
              "isHook": false,
              "skipped": false
            },
            {
              "title": "check inside-chick-fil-a section",
              "fullTitle": "Stories check inside-chick-fil-a section",
              "timedOut": null,
              "duration": 65539,
              "state": "passed",
              "speed": "slow",
              "pass": true,
              "fail": false,
              "pending": false,
              "context": null,
              "code": "const state = window.testState;\nreturn cy\n  .then(() => state.onStartScenario(scenario, indexedSteps))\n  .then(() =>\n    resolveAndRunBeforeHooks.call(this, scenario.tags, state.feature.name)\n  )\n  .then(() =>\n    indexedSteps.forEach((step) =>\n      stepTest.call(this, state, step, rowData)\n    )\n  )\n  .then(() => state.onFinishScenario(scenario));",
              "err": {},
              "uuid": "c234db7a-2c8f-40fd-b46c-d13dc0f3cd9a",
              "parentUUID": "abf1b576-4112-47ac-b671-397610cdf8c2",
              "isHook": false,
              "skipped": false
            },
            {
              "title": "check News section",
              "fullTitle": "Stories check News section",
              "timedOut": null,
              "duration": 12110,
              "state": "passed",
              "speed": "slow",
              "pass": true,
              "fail": false,
              "pending": false,
              "context": null,
              "code": "const state = window.testState;\nreturn cy\n  .then(() => state.onStartScenario(scenario, indexedSteps))\n  .then(() =>\n    resolveAndRunBeforeHooks.call(this, scenario.tags, state.feature.name)\n  )\n  .then(() =>\n    indexedSteps.forEach((step) =>\n      stepTest.call(this, state, step, rowData)\n    )\n  )\n  .then(() => state.onFinishScenario(scenario));",
              "err": {},
              "uuid": "f96f8656-5e2d-4e04-a661-eadbfba3bd57",
              "parentUUID": "abf1b576-4112-47ac-b671-397610cdf8c2",
              "isHook": false,
              "skipped": false
            }
          ],
          "suites": [],
          "passes": [
            "916d0237-37e4-442b-b324-505f4d212ca6",
            "041940a9-ce76-45b8-965f-268515cd5ff0",
            "f8a05a2c-bb59-4333-9ee3-2b0393e55021",
            "f281f488-6b08-481b-a58a-84a5c9d0364c",
            "07ec61c1-995f-4933-bac0-cdca3a32223e",
            "548be3d1-2502-4d74-81e1-918df695107e",
            "f7f1a494-98f2-4d90-bdee-b2fda7905a0f",
            "c234db7a-2c8f-40fd-b46c-d13dc0f3cd9a",
            "f96f8656-5e2d-4e04-a661-eadbfba3bd57"
          ],
          "failures": [
            "ddc8f2ea-56fc-4cfe-bb27-28ddbb801c39"
          ],
          "pending": [],
          "skipped": [],
          "duration": 323065,
          "root": false,
          "rootEmpty": false,
          "_timeout": 2000
        }
      ],
      "passes": [],
      "failures": [],
      "pending": [],
      "skipped": [],
      "duration": 0,
      "root": true,
      "rootEmpty": true,
      "_timeout": 2000
    }
  ],
  "meta": {
    "mocha": {
      "version": "7.0.1"
    },
    "mochawesome": {
      "options": {
        "quiet": false,
        "reportFilename": "mochawesome",
        "saveHtml": true,
        "saveJson": true,
        "consoleReporter": "spec",
        "useInlineDiffs": false,
        "code": true
      },
      "version": "7.1.3"
    },
    "marge": {
      "options": {
        "reportDir": "cypress/results",
        "overwrite": false,
        "html": true,
        "json": true
      },
      "version": "6.2.0"
    }
  }
}