{
  "stats": {
    "suites": 1,
    "tests": 6,
    "passes": 6,
    "pending": 0,
    "failures": 0,
    "start": "2022-08-19T15:14:05.916Z",
    "end": "2022-08-19T15:15:52.418Z",
    "duration": 106502,
    "testsRegistered": 6,
    "passPercent": 100,
    "pendingPercent": 0,
    "other": 0,
    "hasOther": false,
    "skipped": 0,
    "hasSkipped": false
  },
  "results": [
    {
      "uuid": "ef52fab3-63ff-4a2f-8337-d9204d7ae531",
      "title": "",
      "fullFile": "cypress/integration/NationalMenu.feature",
      "file": "cypress/integration/NationalMenu.feature",
      "beforeHooks": [],
      "afterHooks": [],
      "tests": [],
      "suites": [
        {
          "uuid": "4171d8f5-f842-468b-9c4c-8d499c86a9f9",
          "title": "National Menu",
          "fullFile": "",
          "file": "",
          "beforeHooks": [],
          "afterHooks": [],
          "tests": [
            {
              "title": "Verify availability message above menu",
              "fullTitle": "National Menu Verify availability message above menu",
              "timedOut": null,
              "duration": 27017,
              "state": "passed",
              "speed": "slow",
              "pass": true,
              "fail": false,
              "pending": false,
              "context": null,
              "code": "const state = window.testState;\nreturn cy\n  .then(() => state.onStartScenario(scenario, indexedSteps))\n  .then(() =>\n    resolveAndRunBeforeHooks.call(this, scenario.tags, state.feature.name)\n  )\n  .then(() =>\n    indexedSteps.forEach((step) =>\n      stepTest.call(this, state, step, rowData)\n    )\n  )\n  .then(() => state.onFinishScenario(scenario));",
              "err": {},
              "uuid": "a95c6cd4-1d34-4e15-8350-5610edd3b075",
              "parentUUID": "4171d8f5-f842-468b-9c4c-8d499c86a9f9",
              "isHook": false,
              "skipped": false
            },
            {
              "title": "Order pickup option on PDP takes user to PWO",
              "fullTitle": "National Menu Order pickup option on PDP takes user to PWO",
              "timedOut": null,
              "duration": 26069,
              "state": "passed",
              "speed": "slow",
              "pass": true,
              "fail": false,
              "pending": false,
              "context": null,
              "code": "const state = window.testState;\nreturn cy\n  .then(() => state.onStartScenario(scenario, indexedSteps))\n  .then(() =>\n    resolveAndRunBeforeHooks.call(this, scenario.tags, state.feature.name)\n  )\n  .then(() =>\n    indexedSteps.forEach((step) =>\n      stepTest.call(this, state, step, rowData)\n    )\n  )\n  .then(() => state.onFinishScenario(scenario));",
              "err": {},
              "uuid": "1c72519f-7019-4a86-899c-ce1d1600421f",
              "parentUUID": "4171d8f5-f842-468b-9c4c-8d499c86a9f9",
              "isHook": false,
              "skipped": false
            },
            {
              "title": "Order delivery option on PDP takes user to delivery page",
              "fullTitle": "National Menu Order delivery option on PDP takes user to delivery page",
              "timedOut": null,
              "duration": 14476,
              "state": "passed",
              "speed": "slow",
              "pass": true,
              "fail": false,
              "pending": false,
              "context": null,
              "code": "const state = window.testState;\nreturn cy\n  .then(() => state.onStartScenario(scenario, indexedSteps))\n  .then(() =>\n    resolveAndRunBeforeHooks.call(this, scenario.tags, state.feature.name)\n  )\n  .then(() =>\n    indexedSteps.forEach((step) =>\n      stepTest.call(this, state, step, rowData)\n    )\n  )\n  .then(() => state.onFinishScenario(scenario));",
              "err": {},
              "uuid": "0cc4e8ec-afac-4894-9151-0bb03a3e265d",
              "parentUUID": "4171d8f5-f842-468b-9c4c-8d499c86a9f9",
              "isHook": false,
              "skipped": false
            },
            {
              "title": "Verify url of all menu items",
              "fullTitle": "National Menu Verify url of all menu items",
              "timedOut": null,
              "duration": 7908,
              "state": "passed",
              "speed": "medium",
              "pass": true,
              "fail": false,
              "pending": false,
              "context": null,
              "code": "const state = window.testState;\nreturn cy\n  .then(() => state.onStartScenario(scenario, indexedSteps))\n  .then(() =>\n    resolveAndRunBeforeHooks.call(this, scenario.tags, state.feature.name)\n  )\n  .then(() =>\n    indexedSteps.forEach((step) =>\n      stepTest.call(this, state, step, rowData)\n    )\n  )\n  .then(() => state.onFinishScenario(scenario));",
              "err": {},
              "uuid": "8b3a2339-9779-4e4d-9c4a-8db033bc4f82",
              "parentUUID": "4171d8f5-f842-468b-9c4c-8d499c86a9f9",
              "isHook": false,
              "skipped": false
            },
            {
              "title": "Order delivery option takes user to delivery page",
              "fullTitle": "National Menu Order delivery option takes user to delivery page",
              "timedOut": null,
              "duration": 13001,
              "state": "passed",
              "speed": "slow",
              "pass": true,
              "fail": false,
              "pending": false,
              "context": null,
              "code": "const state = window.testState;\nreturn cy\n  .then(() => state.onStartScenario(scenario, indexedSteps))\n  .then(() =>\n    resolveAndRunBeforeHooks.call(this, scenario.tags, state.feature.name)\n  )\n  .then(() =>\n    indexedSteps.forEach((step) =>\n      stepTest.call(this, state, step, rowData)\n    )\n  )\n  .then(() => state.onFinishScenario(scenario));",
              "err": {},
              "uuid": "a14bab72-2642-45ec-84c8-b3789dde1bd0",
              "parentUUID": "4171d8f5-f842-468b-9c4c-8d499c86a9f9",
              "isHook": false,
              "skipped": false
            },
            {
              "title": "Order pickup option takes user to order pickup PWO",
              "fullTitle": "National Menu Order pickup option takes user to order pickup PWO",
              "timedOut": null,
              "duration": 16102,
              "state": "passed",
              "speed": "slow",
              "pass": true,
              "fail": false,
              "pending": false,
              "context": null,
              "code": "const state = window.testState;\nreturn cy\n  .then(() => state.onStartScenario(scenario, indexedSteps))\n  .then(() =>\n    resolveAndRunBeforeHooks.call(this, scenario.tags, state.feature.name)\n  )\n  .then(() =>\n    indexedSteps.forEach((step) =>\n      stepTest.call(this, state, step, rowData)\n    )\n  )\n  .then(() => state.onFinishScenario(scenario));",
              "err": {},
              "uuid": "b8e535e2-2eef-4d10-b4f8-47c160eb574d",
              "parentUUID": "4171d8f5-f842-468b-9c4c-8d499c86a9f9",
              "isHook": false,
              "skipped": false
            }
          ],
          "suites": [],
          "passes": [
            "a95c6cd4-1d34-4e15-8350-5610edd3b075",
            "1c72519f-7019-4a86-899c-ce1d1600421f",
            "0cc4e8ec-afac-4894-9151-0bb03a3e265d",
            "8b3a2339-9779-4e4d-9c4a-8db033bc4f82",
            "a14bab72-2642-45ec-84c8-b3789dde1bd0",
            "b8e535e2-2eef-4d10-b4f8-47c160eb574d"
          ],
          "failures": [],
          "pending": [],
          "skipped": [],
          "duration": 104573,
          "root": false,
          "rootEmpty": false,
          "_timeout": 2000
        }
      ],
      "passes": [],
      "failures": [],
      "pending": [],
      "skipped": [],
      "duration": 0,
      "root": true,
      "rootEmpty": true,
      "_timeout": 2000
    }
  ],
  "meta": {
    "mocha": {
      "version": "7.0.1"
    },
    "mochawesome": {
      "options": {
        "quiet": false,
        "reportFilename": "mochawesome",
        "saveHtml": true,
        "saveJson": true,
        "consoleReporter": "spec",
        "useInlineDiffs": false,
        "code": true
      },
      "version": "7.1.3"
    },
    "marge": {
      "options": {
        "reportDir": "cypress/results",
        "overwrite": false,
        "html": true,
        "json": true
      },
      "version": "6.2.0"
    }
  }
}