{
  "stats": {
    "suites": 1,
    "tests": 4,
    "passes": 4,
    "pending": 0,
    "failures": 0,
    "start": "2022-08-26T15:01:57.342Z",
    "end": "2022-08-26T15:03:15.600Z",
    "duration": 78258,
    "testsRegistered": 4,
    "passPercent": 100,
    "pendingPercent": 0,
    "other": 0,
    "hasOther": false,
    "skipped": 0,
    "hasSkipped": false
  },
  "results": [
    {
      "uuid": "4fa69539-1713-4bd7-b6a1-45e7e78442e8",
      "title": "",
      "fullFile": "cypress/integration/LocalMenu.feature",
      "file": "cypress/integration/LocalMenu.feature",
      "beforeHooks": [],
      "afterHooks": [],
      "tests": [],
      "suites": [
        {
          "uuid": "955dd838-6f11-4b6f-9487-729b4def35e5",
          "title": "Local Menu",
          "fullFile": "",
          "file": "",
          "beforeHooks": [],
          "afterHooks": [],
          "tests": [
            {
              "title": "selecting orderpickup on Locations Item details page navigates to PWO",
              "fullTitle": "Local Menu selecting orderpickup on Locations Item details page navigates to PWO",
              "timedOut": null,
              "duration": 37230,
              "state": "passed",
              "speed": "slow",
              "pass": true,
              "fail": false,
              "pending": false,
              "context": null,
              "code": "const state = window.testState;\nreturn cy\n  .then(() => state.onStartScenario(scenario, indexedSteps))\n  .then(() =>\n    resolveAndRunBeforeHooks.call(this, scenario.tags, state.feature.name)\n  )\n  .then(() =>\n    indexedSteps.forEach((step) =>\n      stepTest.call(this, state, step, rowData)\n    )\n  )\n  .then(() => state.onFinishScenario(scenario));",
              "err": {},
              "uuid": "ed9c809a-9775-4f19-86ca-f7e3bfc68109",
              "parentUUID": "955dd838-6f11-4b6f-9487-729b4def35e5",
              "isHook": false,
              "skipped": false
            },
            {
              "title": "selecting Delivery on Locations Item details page navigates to PWO",
              "fullTitle": "Local Menu selecting Delivery on Locations Item details page navigates to PWO",
              "timedOut": null,
              "duration": 15134,
              "state": "passed",
              "speed": "slow",
              "pass": true,
              "fail": false,
              "pending": false,
              "context": null,
              "code": "const state = window.testState;\nreturn cy\n  .then(() => state.onStartScenario(scenario, indexedSteps))\n  .then(() =>\n    resolveAndRunBeforeHooks.call(this, scenario.tags, state.feature.name)\n  )\n  .then(() =>\n    indexedSteps.forEach((step) =>\n      stepTest.call(this, state, step, rowData)\n    )\n  )\n  .then(() => state.onFinishScenario(scenario));",
              "err": {},
              "uuid": "0288ee7d-253b-45d8-837d-5400ed0c41a2",
              "parentUUID": "955dd838-6f11-4b6f-9487-729b4def35e5",
              "isHook": false,
              "skipped": false
            },
            {
              "title": "selecting orderpickup navigates to PWO",
              "fullTitle": "Local Menu selecting orderpickup navigates to PWO",
              "timedOut": null,
              "duration": 14236,
              "state": "passed",
              "speed": "slow",
              "pass": true,
              "fail": false,
              "pending": false,
              "context": null,
              "code": "const state = window.testState;\nreturn cy\n  .then(() => state.onStartScenario(scenario, indexedSteps))\n  .then(() =>\n    resolveAndRunBeforeHooks.call(this, scenario.tags, state.feature.name)\n  )\n  .then(() =>\n    indexedSteps.forEach((step) =>\n      stepTest.call(this, state, step, rowData)\n    )\n  )\n  .then(() => state.onFinishScenario(scenario));",
              "err": {},
              "uuid": "a58acf78-7b4d-4a30-9be5-a6def6496625",
              "parentUUID": "955dd838-6f11-4b6f-9487-729b4def35e5",
              "isHook": false,
              "skipped": false
            },
            {
              "title": "selecting order Delivery navigates to Delivery",
              "fullTitle": "Local Menu selecting order Delivery navigates to Delivery",
              "timedOut": null,
              "duration": 10861,
              "state": "passed",
              "speed": "slow",
              "pass": true,
              "fail": false,
              "pending": false,
              "context": null,
              "code": "const state = window.testState;\nreturn cy\n  .then(() => state.onStartScenario(scenario, indexedSteps))\n  .then(() =>\n    resolveAndRunBeforeHooks.call(this, scenario.tags, state.feature.name)\n  )\n  .then(() =>\n    indexedSteps.forEach((step) =>\n      stepTest.call(this, state, step, rowData)\n    )\n  )\n  .then(() => state.onFinishScenario(scenario));",
              "err": {},
              "uuid": "a0b10e2e-e4cc-4710-9534-b040db339680",
              "parentUUID": "955dd838-6f11-4b6f-9487-729b4def35e5",
              "isHook": false,
              "skipped": false
            }
          ],
          "suites": [],
          "passes": [
            "ed9c809a-9775-4f19-86ca-f7e3bfc68109",
            "0288ee7d-253b-45d8-837d-5400ed0c41a2",
            "a58acf78-7b4d-4a30-9be5-a6def6496625",
            "a0b10e2e-e4cc-4710-9534-b040db339680"
          ],
          "failures": [],
          "pending": [],
          "skipped": [],
          "duration": 77461,
          "root": false,
          "rootEmpty": false,
          "_timeout": 2000
        }
      ],
      "passes": [],
      "failures": [],
      "pending": [],
      "skipped": [],
      "duration": 0,
      "root": true,
      "rootEmpty": true,
      "_timeout": 2000
    }
  ],
  "meta": {
    "mocha": {
      "version": "7.0.1"
    },
    "mochawesome": {
      "options": {
        "quiet": false,
        "reportFilename": "mochawesome",
        "saveHtml": true,
        "saveJson": true,
        "consoleReporter": "spec",
        "useInlineDiffs": false,
        "code": true
      },
      "version": "7.1.3"
    },
    "marge": {
      "options": {
        "reportDir": "cypress/results",
        "overwrite": false,
        "html": true,
        "json": true
      },
      "version": "6.2.0"
    }
  }
}