{
  "stats": {
    "suites": 1,
    "tests": 6,
    "passes": 0,
    "pending": 5,
    "failures": 1,
    "start": "2022-08-24T11:43:24.226Z",
    "end": "2022-08-24T11:47:28.636Z",
    "duration": 244410,
    "testsRegistered": 6,
    "passPercent": 0,
    "pendingPercent": 83.33333333333334,
    "other": 0,
    "hasOther": false,
    "skipped": 5,
    "hasSkipped": true
  },
  "results": [
    {
      "uuid": "5e7c9533-8279-4095-a9f9-010361a414e4",
      "title": "",
      "fullFile": "cypress/integration/NationalMenu.feature",
      "file": "cypress/integration/NationalMenu.feature",
      "beforeHooks": [],
      "afterHooks": [],
      "tests": [],
      "suites": [
        {
          "uuid": "bb6fd55a-f4c3-4f4a-9806-5e43b4832524",
          "title": "National Menu",
          "fullFile": "",
          "file": "",
          "beforeHooks": [],
          "afterHooks": [],
          "tests": [
            {
              "title": "Verify availability message above menu",
              "fullTitle": "National Menu Verify availability message above menu",
              "timedOut": null,
              "duration": 1174,
              "state": "pending",
              "speed": null,
              "pass": false,
              "fail": false,
              "pending": false,
              "context": null,
              "code": "// register this scenario with the cucumber data collector\n// but don't run it\n// Tell mocha this is a skipped test so it also shows correctly in Cypress\nconst state = window.testState;\ncy.then(() => state.onStartScenario(scenario, indexedSteps))\n  .then(() => state.onFinishScenario(scenario))\n  // eslint-disable-next-line func-names\n  .then(function () {\n    return this.skip();\n  });",
              "err": {},
              "uuid": "7d9f2359-6359-42df-895c-fd77fb77dba9",
              "parentUUID": "bb6fd55a-f4c3-4f4a-9806-5e43b4832524",
              "isHook": false,
              "skipped": true
            },
            {
              "title": "Order pickup option on PDP takes user to PWO",
              "fullTitle": "National Menu Order pickup option on PDP takes user to PWO",
              "timedOut": null,
              "duration": 78,
              "state": "pending",
              "speed": null,
              "pass": false,
              "fail": false,
              "pending": false,
              "context": null,
              "code": "// register this scenario with the cucumber data collector\n// but don't run it\n// Tell mocha this is a skipped test so it also shows correctly in Cypress\nconst state = window.testState;\ncy.then(() => state.onStartScenario(scenario, indexedSteps))\n  .then(() => state.onFinishScenario(scenario))\n  // eslint-disable-next-line func-names\n  .then(function () {\n    return this.skip();\n  });",
              "err": {},
              "uuid": "d0cc0950-9254-416a-aabc-df0db4f6ee4b",
              "parentUUID": "bb6fd55a-f4c3-4f4a-9806-5e43b4832524",
              "isHook": false,
              "skipped": true
            },
            {
              "title": "Order delivery option on PDP takes user to delivery page",
              "fullTitle": "National Menu Order delivery option on PDP takes user to delivery page",
              "timedOut": null,
              "duration": 257,
              "state": "pending",
              "speed": null,
              "pass": false,
              "fail": false,
              "pending": false,
              "context": null,
              "code": "// register this scenario with the cucumber data collector\n// but don't run it\n// Tell mocha this is a skipped test so it also shows correctly in Cypress\nconst state = window.testState;\ncy.then(() => state.onStartScenario(scenario, indexedSteps))\n  .then(() => state.onFinishScenario(scenario))\n  // eslint-disable-next-line func-names\n  .then(function () {\n    return this.skip();\n  });",
              "err": {},
              "uuid": "3ce9ad99-6d76-4ad1-bff9-629abecf7cca",
              "parentUUID": "bb6fd55a-f4c3-4f4a-9806-5e43b4832524",
              "isHook": false,
              "skipped": true
            },
            {
              "title": "Verify url of all menu items",
              "fullTitle": "National Menu Verify url of all menu items",
              "timedOut": null,
              "duration": 71762,
              "state": "failed",
              "speed": null,
              "pass": false,
              "fail": true,
              "pending": false,
              "context": null,
              "code": "const state = window.testState;\nreturn cy\n  .then(() => state.onStartScenario(scenario, indexedSteps))\n  .then(() =>\n    resolveAndRunBeforeHooks.call(this, scenario.tags, state.feature.name)\n  )\n  .then(() =>\n    indexedSteps.forEach((step) =>\n      stepTest.call(this, state, step, rowData)\n    )\n  )\n  .then(() => state.onFinishScenario(scenario));",
              "err": {
                "message": "AssertionError: Timed out retrying after 60000ms: Expected to find element: `[href=\"/menu/chicken-egg-cheese-bagel\"]`, but never found it.",
                "estack": "AssertionError: Timed out retrying after 60000ms: Expected to find element: `[href=\"/menu/chicken-egg-cheese-bagel\"]`, but never found it.\n    at eval (https://www.chick-fil-a.com/__cypress/tests?p=cypress/integration/NationalMenu.feature:123:54)\nat Array.forEach (<anonymous>)\n    at Context.eval (https://www.chick-fil-a.com/__cypress/tests?p=cypress/integration/NationalMenu.feature:122:22)\n    at Context.resolveAndRunStepDefinition (https://www.chick-fil-a.com/__cypress/tests?p=cypress/integration/NationalMenu.feature:10761:29)\n    at Context.eval (https://www.chick-fil-a.com/__cypress/tests?p=cypress/integration/NationalMenu.feature:10082:35)",
                "diff": null
              },
              "uuid": "a4cbeb72-69a2-4c30-946a-5543f2ad5349",
              "parentUUID": "bb6fd55a-f4c3-4f4a-9806-5e43b4832524",
              "isHook": false,
              "skipped": false
            },
            {
              "title": "Order delivery option takes user to delivery page",
              "fullTitle": "National Menu Order delivery option takes user to delivery page",
              "timedOut": null,
              "duration": 213,
              "state": "pending",
              "speed": null,
              "pass": false,
              "fail": false,
              "pending": false,
              "context": null,
              "code": "// register this scenario with the cucumber data collector\n// but don't run it\n// Tell mocha this is a skipped test so it also shows correctly in Cypress\nconst state = window.testState;\ncy.then(() => state.onStartScenario(scenario, indexedSteps))\n  .then(() => state.onFinishScenario(scenario))\n  // eslint-disable-next-line func-names\n  .then(function () {\n    return this.skip();\n  });",
              "err": {},
              "uuid": "8c8e506a-7568-46d4-93db-23dc55301967",
              "parentUUID": "bb6fd55a-f4c3-4f4a-9806-5e43b4832524",
              "isHook": false,
              "skipped": true
            },
            {
              "title": "Order pickup option takes user to order pickup PWO",
              "fullTitle": "National Menu Order pickup option takes user to order pickup PWO",
              "timedOut": null,
              "duration": 57,
              "state": "pending",
              "speed": null,
              "pass": false,
              "fail": false,
              "pending": false,
              "context": null,
              "code": "// register this scenario with the cucumber data collector\n// but don't run it\n// Tell mocha this is a skipped test so it also shows correctly in Cypress\nconst state = window.testState;\ncy.then(() => state.onStartScenario(scenario, indexedSteps))\n  .then(() => state.onFinishScenario(scenario))\n  // eslint-disable-next-line func-names\n  .then(function () {\n    return this.skip();\n  });",
              "err": {},
              "uuid": "7fc9504b-97fa-43d0-91d6-7eeab365826a",
              "parentUUID": "bb6fd55a-f4c3-4f4a-9806-5e43b4832524",
              "isHook": false,
              "skipped": true
            }
          ],
          "suites": [],
          "passes": [],
          "failures": [
            "a4cbeb72-69a2-4c30-946a-5543f2ad5349"
          ],
          "pending": [],
          "skipped": [
            "7d9f2359-6359-42df-895c-fd77fb77dba9",
            "d0cc0950-9254-416a-aabc-df0db4f6ee4b",
            "3ce9ad99-6d76-4ad1-bff9-629abecf7cca",
            "8c8e506a-7568-46d4-93db-23dc55301967",
            "7fc9504b-97fa-43d0-91d6-7eeab365826a"
          ],
          "duration": 73541,
          "root": false,
          "rootEmpty": false,
          "_timeout": 2000
        }
      ],
      "passes": [],
      "failures": [],
      "pending": [],
      "skipped": [],
      "duration": 0,
      "root": true,
      "rootEmpty": true,
      "_timeout": 2000
    }
  ],
  "meta": {
    "mocha": {
      "version": "7.0.1"
    },
    "mochawesome": {
      "options": {
        "quiet": false,
        "reportFilename": "mochawesome",
        "saveHtml": true,
        "saveJson": true,
        "consoleReporter": "spec",
        "useInlineDiffs": false,
        "code": true
      },
      "version": "7.1.3"
    },
    "marge": {
      "options": {
        "reportDir": "cypress/results",
        "overwrite": false,
        "html": true,
        "json": true
      },
      "version": "6.2.0"
    }
  }
}