{
  "stats": {
    "suites": 1,
    "tests": 4,
    "passes": 4,
    "pending": 0,
    "failures": 0,
    "start": "2022-08-24T16:19:37.321Z",
    "end": "2022-08-24T16:22:17.850Z",
    "duration": 160529,
    "testsRegistered": 4,
    "passPercent": 100,
    "pendingPercent": 0,
    "other": 0,
    "hasOther": false,
    "skipped": 0,
    "hasSkipped": false
  },
  "results": [
    {
      "uuid": "a5b3aaec-fd30-45e8-a6db-8c8b38410b58",
      "title": "",
      "fullFile": "cypress/integration/LocalMenu.feature",
      "file": "cypress/integration/LocalMenu.feature",
      "beforeHooks": [],
      "afterHooks": [],
      "tests": [],
      "suites": [
        {
          "uuid": "4a21ab76-878f-4f3f-b26f-a9b4e35f8d90",
          "title": "Local Menu",
          "fullFile": "",
          "file": "",
          "beforeHooks": [],
          "afterHooks": [],
          "tests": [
            {
              "title": "selecting orderpickup on Locations Item details page navigates to PWO",
              "fullTitle": "Local Menu selecting orderpickup on Locations Item details page navigates to PWO",
              "timedOut": null,
              "duration": 96728,
              "state": "passed",
              "speed": "slow",
              "pass": true,
              "fail": false,
              "pending": false,
              "context": null,
              "code": "const state = window.testState;\nreturn cy\n  .then(() => state.onStartScenario(scenario, indexedSteps))\n  .then(() =>\n    resolveAndRunBeforeHooks.call(this, scenario.tags, state.feature.name)\n  )\n  .then(() =>\n    indexedSteps.forEach((step) =>\n      stepTest.call(this, state, step, rowData)\n    )\n  )\n  .then(() => state.onFinishScenario(scenario));",
              "err": {},
              "uuid": "28c9bcdd-16c3-4ec3-9da6-367fe915d281",
              "parentUUID": "4a21ab76-878f-4f3f-b26f-a9b4e35f8d90",
              "isHook": false,
              "skipped": false
            },
            {
              "title": "selecting Delivery on Locations Item details page navigates to PWO",
              "fullTitle": "Local Menu selecting Delivery on Locations Item details page navigates to PWO",
              "timedOut": null,
              "duration": 30726,
              "state": "passed",
              "speed": "slow",
              "pass": true,
              "fail": false,
              "pending": false,
              "context": null,
              "code": "const state = window.testState;\nreturn cy\n  .then(() => state.onStartScenario(scenario, indexedSteps))\n  .then(() =>\n    resolveAndRunBeforeHooks.call(this, scenario.tags, state.feature.name)\n  )\n  .then(() =>\n    indexedSteps.forEach((step) =>\n      stepTest.call(this, state, step, rowData)\n    )\n  )\n  .then(() => state.onFinishScenario(scenario));",
              "err": {},
              "uuid": "026050be-86d5-49c2-91a9-da88aedade80",
              "parentUUID": "4a21ab76-878f-4f3f-b26f-a9b4e35f8d90",
              "isHook": false,
              "skipped": false
            },
            {
              "title": "selecting orderpickup navigates to PWO",
              "fullTitle": "Local Menu selecting orderpickup navigates to PWO",
              "timedOut": null,
              "duration": 17510,
              "state": "passed",
              "speed": "slow",
              "pass": true,
              "fail": false,
              "pending": false,
              "context": null,
              "code": "const state = window.testState;\nreturn cy\n  .then(() => state.onStartScenario(scenario, indexedSteps))\n  .then(() =>\n    resolveAndRunBeforeHooks.call(this, scenario.tags, state.feature.name)\n  )\n  .then(() =>\n    indexedSteps.forEach((step) =>\n      stepTest.call(this, state, step, rowData)\n    )\n  )\n  .then(() => state.onFinishScenario(scenario));",
              "err": {},
              "uuid": "aa99dfd0-f0d3-425e-b9f1-2153b2343909",
              "parentUUID": "4a21ab76-878f-4f3f-b26f-a9b4e35f8d90",
              "isHook": false,
              "skipped": false
            },
            {
              "title": "selecting order Delivery navigates to Delivery",
              "fullTitle": "Local Menu selecting order Delivery navigates to Delivery",
              "timedOut": null,
              "duration": 11550,
              "state": "passed",
              "speed": "slow",
              "pass": true,
              "fail": false,
              "pending": false,
              "context": null,
              "code": "const state = window.testState;\nreturn cy\n  .then(() => state.onStartScenario(scenario, indexedSteps))\n  .then(() =>\n    resolveAndRunBeforeHooks.call(this, scenario.tags, state.feature.name)\n  )\n  .then(() =>\n    indexedSteps.forEach((step) =>\n      stepTest.call(this, state, step, rowData)\n    )\n  )\n  .then(() => state.onFinishScenario(scenario));",
              "err": {},
              "uuid": "01f21974-5137-4976-b343-ad7cb978438e",
              "parentUUID": "4a21ab76-878f-4f3f-b26f-a9b4e35f8d90",
              "isHook": false,
              "skipped": false
            }
          ],
          "suites": [],
          "passes": [
            "28c9bcdd-16c3-4ec3-9da6-367fe915d281",
            "026050be-86d5-49c2-91a9-da88aedade80",
            "aa99dfd0-f0d3-425e-b9f1-2153b2343909",
            "01f21974-5137-4976-b343-ad7cb978438e"
          ],
          "failures": [],
          "pending": [],
          "skipped": [],
          "duration": 156514,
          "root": false,
          "rootEmpty": false,
          "_timeout": 2000
        }
      ],
      "passes": [],
      "failures": [],
      "pending": [],
      "skipped": [],
      "duration": 0,
      "root": true,
      "rootEmpty": true,
      "_timeout": 2000
    }
  ],
  "meta": {
    "mocha": {
      "version": "7.0.1"
    },
    "mochawesome": {
      "options": {
        "quiet": false,
        "reportFilename": "mochawesome",
        "saveHtml": true,
        "saveJson": true,
        "consoleReporter": "spec",
        "useInlineDiffs": false,
        "code": true
      },
      "version": "7.1.3"
    },
    "marge": {
      "options": {
        "reportDir": "cypress/results",
        "overwrite": false,
        "html": true,
        "json": true
      },
      "version": "6.2.0"
    }
  }
}